TN:
SF:src/App.tsx
FN:76,(anonymous_0)
FN:82,(anonymous_1)
FNF:2
FNH:0
FNDA:0,(anonymous_0)
FNDA:0,(anonymous_1)
DA:59,0
DA:74,0
DA:76,0
DA:78,0
DA:79,0
DA:82,0
DA:83,0
DA:86,0
DA:87,0
LF:9
LH:0
BRDA:74,0,0,0
BRDA:74,0,1,0
BRDA:83,1,0,0
BRDA:83,1,1,0
BRDA:86,2,0,0
BRDA:86,2,1,0
BRF:6
BRH:0
end_of_record
TN:
SF:src/bootLoader.ts
FN:2,signalAppReady
FNF:1
FNH:0
FNDA:0,signalAppReady
DA:3,0
DA:4,0
DA:5,0
LF:3
LH:0
BRF:0
BRH:0
end_of_record
TN:
SF:src/i18n.ts
FN:12,normalizeLang
FN:40,(anonymous_1)
FNF:2
FNH:0
FNDA:0,normalizeLang
FNDA:0,(anonymous_1)
DA:8,0
DA:13,0
DA:14,0
DA:15,0
DA:16,0
DA:19,0
DA:41,0
DA:42,0
DA:43,0
DA:44,0
DA:47,0
DA:48,0
DA:49,0
DA:50,0
LF:14
LH:0
BRDA:13,0,0,0
BRDA:13,0,1,0
BRDA:14,1,0,0
BRDA:14,1,1,0
BRDA:15,2,0,0
BRDA:15,2,1,0
BRDA:43,3,0,0
BRDA:43,3,1,0
BRDA:47,4,0,0
BRDA:47,4,1,0
BRDA:49,5,0,0
BRDA:49,5,1,0
BRDA:49,6,0,0
BRDA:49,6,1,0
BRDA:49,6,2,0
BRF:15
BRH:0
end_of_record
TN:
SF:src/main.tsx
FNF:0
FNH:0
DA:7,0
DA:11,0
LF:2
LH:0
BRF:0
BRH:0
end_of_record
TN:
SF:src/components/ActivityItem.tsx
FN:29,(anonymous_0)
FN:39,(anonymous_1)
FN:68,(anonymous_2)
FN:93,(anonymous_3)
FN:97,(anonymous_4)
FN:104,(anonymous_5)
FN:123,(anonymous_6)
FNF:7
FNH:0
FNDA:0,(anonymous_0)
FNDA:0,(anonymous_1)
FNDA:0,(anonymous_2)
FNDA:0,(anonymous_3)
FNDA:0,(anonymous_4)
FNDA:0,(anonymous_5)
FNDA:0,(anonymous_6)
DA:29,0
DA:39,0
DA:40,0
DA:68,0
DA:69,0
DA:72,0
DA:75,0
DA:78,0
DA:81,0
DA:84,0
DA:86,0
DA:88,0
DA:91,0
DA:93,0
DA:97,0
DA:98,0
DA:99,0
DA:100,0
DA:101,0
DA:104,0
DA:105,0
DA:106,0
DA:107,0
DA:109,0
DA:110,0
DA:111,0
DA:112,0
DA:113,0
DA:114,0
DA:115,0
DA:116,0
DA:117,0
DA:119,0
DA:123,0
DA:124,0
DA:135,0
LF:36
LH:0
BRDA:40,0,0,0
BRDA:40,0,1,0
BRDA:40,0,2,0
BRDA:40,0,3,0
BRDA:40,0,4,0
BRDA:40,0,5,0
BRDA:40,0,6,NaN
BRDA:40,0,7,NaN
BRDA:40,0,8,NaN
BRDA:40,0,9,NaN
BRDA:40,0,10,NaN
BRDA:40,0,11,NaN
BRDA:40,0,12,NaN
BRDA:40,0,13,NaN
BRDA:40,0,14,NaN
BRDA:69,1,0,0
BRDA:69,1,1,0
BRDA:69,1,2,0
BRDA:69,1,3,0
BRDA:69,1,4,0
BRDA:69,1,5,0
BRDA:69,1,6,0
BRDA:69,1,7,0
BRDA:69,1,8,0
BRDA:69,1,9,0
BRDA:69,1,10,0
BRDA:69,1,11,0
BRDA:69,1,12,0
BRDA:69,1,13,0
BRDA:69,1,14,0
BRDA:98,2,0,0
BRDA:98,2,1,0
BRDA:99,3,0,0
BRDA:99,3,1,0
BRDA:100,4,0,0
BRDA:100,4,1,0
BRDA:109,5,0,0
BRDA:109,5,1,0
BRDA:111,6,0,0
BRDA:111,6,1,0
BRDA:112,7,0,0
BRDA:112,7,1,0
BRDA:114,8,0,0
BRDA:114,8,1,0
BRDA:115,9,0,0
BRDA:115,9,1,0
BRDA:117,10,0,0
BRDA:117,10,1,0
BRDA:124,11,0,0
BRDA:124,11,1,0
BRDA:124,11,2,0
BRDA:124,11,3,0
BRDA:124,11,4,NaN
BRDA:124,11,5,NaN
BRDA:124,11,6,NaN
BRDA:154,12,0,0
BRDA:154,12,1,0
BRF:57
BRH:0
end_of_record
TN:
SF:src/components/BrandsCombobox.tsx
FN:11,(anonymous_0)
FN:13,(anonymous_1)
FNF:2
FNH:0
FNDA:0,(anonymous_0)
FNDA:0,(anonymous_1)
DA:11,0
DA:13,0
LF:2
LH:0
BRDA:11,0,0,0
BRF:1
BRH:0
end_of_record
TN:
SF:src/components/BrandsSelect.tsx
FN:11,(anonymous_0)
FNF:1
FNH:0
FNDA:0,(anonymous_0)
DA:11,0
LF:1
LH:0
BRDA:11,0,0,0
BRDA:14,1,0,0
BRDA:14,1,1,0
BRF:3
BRH:0
end_of_record
TN:
SF:src/components/BusinessProtectedRoute.tsx
FN:9,(anonymous_0)
FN:13,(anonymous_1)
FNF:2
FNH:0
FNDA:0,(anonymous_0)
FNDA:0,(anonymous_1)
DA:9,0
DA:10,0
DA:11,0
DA:13,0
DA:14,0
DA:15,0
DA:19,0
DA:27,0
DA:28,0
LF:9
LH:0
BRDA:14,0,0,0
BRDA:14,0,1,0
BRDA:14,1,0,0
BRDA:14,1,1,0
BRDA:19,2,0,0
BRDA:19,2,1,0
BRDA:27,3,0,0
BRDA:27,3,1,0
BRF:8
BRH:0
end_of_record
TN:
SF:src/components/BusinessSidebar.tsx
FN:23,(anonymous_0)
FN:29,(anonymous_1)
FN:96,(anonymous_2)
FN:114,(anonymous_3)
FNF:4
FNH:0
FNDA:0,(anonymous_0)
FNDA:0,(anonymous_1)
FNDA:0,(anonymous_2)
FNDA:0,(anonymous_3)
DA:23,0
DA:24,0
DA:25,0
DA:26,0
DA:27,0
DA:29,0
DA:30,0
DA:31,0
DA:34,0
DA:97,0
DA:98,0
DA:99,0
DA:115,0
DA:116,0
DA:117,0
LF:15
LH:0
BRDA:55,0,0,0
BRDA:55,0,1,0
BRDA:75,1,0,0
BRDA:75,1,1,0
BRDA:78,2,0,0
BRDA:78,2,1,0
BRDA:98,3,0,0
BRDA:98,3,1,0
BRDA:98,4,0,0
BRDA:98,4,1,0
BRDA:116,5,0,0
BRDA:116,5,1,0
BRDA:116,6,0,0
BRDA:116,6,1,0
BRDA:147,7,0,0
BRDA:152,8,0,0
BRDA:152,8,1,0
BRDA:160,9,0,0
BRDA:160,9,1,0
BRF:19
BRH:0
end_of_record
TN:
SF:src/components/CarCard.tsx
FN:30,(anonymous_0)
FN:54,(anonymous_1)
FN:54,(anonymous_2)
FN:55,(anonymous_3)
FN:55,(anonymous_4)
FN:59,(anonymous_5)
FN:62,(anonymous_6)
FN:68,(anonymous_7)
FN:71,(anonymous_8)
FN:72,(anonymous_9)
FN:101,(anonymous_10)
FN:110,(anonymous_11)
FN:117,(anonymous_12)
FN:141,(anonymous_13)
FN:144,(anonymous_14)
FN:158,(anonymous_15)
FN:226,(anonymous_16)
FN:265,(anonymous_17)
FN:317,(anonymous_18)
FN:356,(anonymous_19)
FNF:20
FNH:0
FNDA:0,(anonymous_0)
FNDA:0,(anonymous_1)
FNDA:0,(anonymous_2)
FNDA:0,(anonymous_3)
FNDA:0,(anonymous_4)
FNDA:0,(anonymous_5)
FNDA:0,(anonymous_6)
FNDA:0,(anonymous_7)
FNDA:0,(anonymous_8)
FNDA:0,(anonymous_9)
FNDA:0,(anonymous_10)
FNDA:0,(anonymous_11)
FNDA:0,(anonymous_12)
FNDA:0,(anonymous_13)
FNDA:0,(anonymous_14)
FNDA:0,(anonymous_15)
FNDA:0,(anonymous_16)
FNDA:0,(anonymous_17)
FNDA:0,(anonymous_18)
FNDA:0,(anonymous_19)
DA:30,0
DA:44,0
DA:45,0
DA:46,0
DA:47,0
DA:48,0
DA:49,0
DA:50,0
DA:51,0
DA:52,0
DA:54,0
DA:55,0
DA:58,0
DA:60,0
DA:62,0
DA:68,0
DA:71,0
DA:72,0
DA:73,0
DA:75,0
DA:76,0
DA:83,0
DA:84,0
DA:85,0
DA:88,0
DA:90,0
DA:94,0
DA:101,0
DA:108,0
DA:110,0
DA:111,0
DA:112,0
DA:113,0
DA:117,0
DA:118,0
DA:119,0
DA:120,0
DA:121,0
DA:123,0
DA:124,0
DA:125,0
DA:126,0
DA:127,0
DA:128,0
DA:130,0
DA:131,0
DA:132,0
DA:133,0
DA:136,0
DA:141,0
DA:142,0
DA:144,0
DA:145,0
DA:146,0
DA:147,0
DA:148,0
DA:151,0
DA:152,0
DA:154,0
DA:155,0
DA:158,0
DA:160,0
DA:161,0
DA:162,0
DA:163,0
DA:164,0
DA:165,0
DA:166,0
DA:227,0
DA:228,0
DA:229,0
DA:230,0
DA:231,0
DA:232,0
DA:234,0
DA:235,0
DA:236,0
DA:239,0
DA:240,0
DA:241,0
DA:243,0
DA:248,0
DA:249,0
DA:250,0
DA:253,0
DA:266,0
DA:267,0
DA:268,0
DA:270,0
DA:271,0
DA:272,0
DA:280,0
DA:281,0
DA:287,0
DA:289,0
DA:290,0
DA:291,0
DA:296,0
DA:318,0
DA:319,0
DA:320,0
DA:321,0
DA:322,0
DA:323,0
DA:325,0
DA:326,0
DA:327,0
DA:330,0
DA:331,0
DA:332,0
DA:334,0
DA:339,0
DA:340,0
DA:341,0
DA:344,0
DA:357,0
DA:358,0
DA:359,0
DA:361,0
DA:362,0
DA:363,0
DA:371,0
DA:372,0
DA:378,0
DA:380,0
DA:381,0
DA:382,0
DA:387,0
LF:128
LH:0
BRDA:39,0,0,0
BRDA:42,1,0,0
BRDA:47,2,0,0
BRDA:47,2,1,0
BRDA:54,3,0,0
BRDA:54,3,1,0
BRDA:55,4,0,0
BRDA:55,4,1,0
BRDA:73,5,0,0
BRDA:73,5,1,0
BRDA:73,6,0,0
BRDA:73,6,1,0
BRDA:83,7,0,0
BRDA:83,7,1,0
BRDA:83,8,0,0
BRDA:83,8,1,0
BRDA:102,9,0,0
BRDA:102,9,1,0
BRDA:118,10,0,0
BRDA:118,10,1,0
BRDA:124,11,0,0
BRDA:124,11,1,0
BRDA:126,12,0,0
BRDA:126,12,1,0
BRDA:131,13,0,0
BRDA:131,13,1,0
BRDA:136,14,0,0
BRDA:136,14,1,0
BRDA:142,15,0,0
BRDA:142,15,1,0
BRDA:147,16,0,0
BRDA:147,16,1,0
BRDA:160,17,0,0
BRDA:160,17,1,0
BRDA:165,18,0,0
BRDA:165,18,1,0
BRDA:229,19,0,0
BRDA:229,19,1,0
BRDA:235,20,0,0
BRDA:235,20,1,0
BRDA:239,21,0,0
BRDA:239,21,1,0
BRDA:248,22,0,0
BRDA:248,22,1,0
BRDA:253,23,0,0
BRDA:253,23,1,0
BRDA:257,24,0,0
BRDA:257,24,1,0
BRDA:280,25,0,0
BRDA:280,25,1,0
BRDA:310,26,0,0
BRDA:310,26,1,0
BRDA:320,27,0,0
BRDA:320,27,1,0
BRDA:326,28,0,0
BRDA:326,28,1,0
BRDA:330,29,0,0
BRDA:330,29,1,0
BRDA:339,30,0,0
BRDA:339,30,1,0
BRDA:344,31,0,0
BRDA:344,31,1,0
BRDA:348,32,0,0
BRDA:348,32,1,0
BRDA:371,33,0,0
BRDA:371,33,1,0
BRDA:432,34,0,0
BRDA:432,34,1,0
BRDA:436,35,0,0
BRDA:436,35,1,0
BRF:70
BRH:0
end_of_record
TN:
SF:src/components/CarCardDubizzle.tsx
FN:39,(anonymous_0)
FN:42,(anonymous_1)
FN:55,(anonymous_2)
FN:80,(anonymous_3)
FN:82,(anonymous_4)
FN:94,(anonymous_5)
FN:100,(anonymous_6)
FN:104,(anonymous_7)
FN:108,(anonymous_8)
FN:111,(anonymous_9)
FN:115,(anonymous_10)
FN:119,(anonymous_11)
FN:120,(anonymous_12)
FN:146,(anonymous_13)
FN:147,(anonymous_14)
FN:176,(anonymous_15)
FN:212,(anonymous_16)
FN:253,(anonymous_17)
FN:266,(anonymous_18)
FN:403,(anonymous_19)
FNF:20
FNH:0
FNDA:0,(anonymous_0)
FNDA:0,(anonymous_1)
FNDA:0,(anonymous_2)
FNDA:0,(anonymous_3)
FNDA:0,(anonymous_4)
FNDA:0,(anonymous_5)
FNDA:0,(anonymous_6)
FNDA:0,(anonymous_7)
FNDA:0,(anonymous_8)
FNDA:0,(anonymous_9)
FNDA:0,(anonymous_10)
FNDA:0,(anonymous_11)
FNDA:0,(anonymous_12)
FNDA:0,(anonymous_13)
FNDA:0,(anonymous_14)
FNDA:0,(anonymous_15)
FNDA:0,(anonymous_16)
FNDA:0,(anonymous_17)
FNDA:0,(anonymous_18)
FNDA:0,(anonymous_19)
DA:39,0
DA:40,0
DA:42,0
DA:44,0
DA:45,0
DA:48,0
DA:49,0
DA:50,0
DA:52,0
DA:55,0
DA:72,0
DA:73,0
DA:74,0
DA:75,0
DA:76,0
DA:77,0
DA:78,0
DA:79,0
DA:80,0
DA:81,0
DA:82,0
DA:83,0
DA:85,0
DA:86,0
DA:87,0
DA:88,0
DA:94,0
DA:96,0
DA:97,0
DA:100,0
DA:101,0
DA:104,0
DA:105,0
DA:106,0
DA:107,0
DA:108,0
DA:111,0
DA:112,0
DA:113,0
DA:114,0
DA:115,0
DA:119,0
DA:120,0
DA:121,0
DA:123,0
DA:124,0
DA:131,0
DA:132,0
DA:133,0
DA:136,0
DA:138,0
DA:142,0
DA:146,0
DA:147,0
DA:148,0
DA:150,0
DA:151,0
DA:157,0
DA:158,0
DA:159,0
DA:162,0
DA:163,0
DA:169,0
DA:173,0
DA:176,0
DA:177,0
DA:178,0
DA:181,0
DA:183,0
DA:184,0
DA:185,0
DA:186,0
DA:189,0
DA:190,0
DA:191,0
DA:194,0
DA:195,0
DA:196,0
DA:198,0
DA:203,0
DA:204,0
DA:205,0
DA:208,0
DA:212,0
DA:213,0
DA:214,0
DA:217,0
DA:219,0
DA:221,0
DA:222,0
DA:229,0
DA:230,0
DA:236,0
DA:237,0
DA:238,0
DA:239,0
DA:244,0
DA:253,0
DA:254,0
DA:267,0
DA:268,0
DA:404,0
DA:405,0
DA:406,0
LF:104
LH:0
BRDA:40,0,0,0
BRDA:40,0,1,0
BRDA:40,1,0,0
BRDA:40,1,1,0
BRDA:44,2,0,0
BRDA:44,2,1,0
BRDA:45,3,0,0
BRDA:45,3,1,0
BRDA:45,4,0,0
BRDA:45,4,1,0
BRDA:48,5,0,0
BRDA:48,5,1,0
BRDA:49,6,0,0
BRDA:49,6,1,0
BRDA:62,7,0,0
BRDA:64,8,0,0
BRDA:67,9,0,0
BRDA:75,10,0,0
BRDA:75,10,1,0
BRDA:75,11,0,0
BRDA:75,11,1,0
BRDA:81,12,0,0
BRDA:81,12,1,0
BRDA:81,13,0,0
BRDA:81,13,1,0
BRDA:83,14,0,0
BRDA:83,14,1,0
BRDA:87,15,0,0
BRDA:87,15,1,0
BRDA:97,16,0,0
BRDA:97,16,1,0
BRDA:101,17,0,0
BRDA:101,17,1,0
BRDA:107,18,0,0
BRDA:107,18,1,0
BRDA:114,19,0,0
BRDA:114,19,1,0
BRDA:121,20,0,0
BRDA:121,20,1,0
BRDA:121,21,0,0
BRDA:121,21,1,0
BRDA:131,22,0,0
BRDA:131,22,1,0
BRDA:131,23,0,0
BRDA:131,23,1,0
BRDA:148,24,0,0
BRDA:148,24,1,0
BRDA:157,25,0,0
BRDA:157,25,1,0
BRDA:164,26,0,0
BRDA:164,26,1,0
BRDA:183,27,0,0
BRDA:183,27,1,0
BRDA:190,28,0,0
BRDA:190,28,1,0
BRDA:194,29,0,0
BRDA:194,29,1,0
BRDA:203,30,0,0
BRDA:203,30,1,0
BRDA:208,31,0,0
BRDA:208,31,1,0
BRDA:229,32,0,0
BRDA:229,32,1,0
BRDA:267,33,0,0
BRDA:267,33,1,0
BRDA:325,34,0,0
BRDA:325,34,1,0
BRDA:327,35,0,0
BRDA:327,35,1,0
BRDA:341,36,0,0
BRDA:341,36,1,0
BRDA:345,37,0,0
BRDA:345,37,1,0
BRDA:370,38,0,0
BRDA:370,38,1,0
BRDA:370,39,0,0
BRDA:370,39,1,0
BRDA:370,40,0,0
BRDA:370,40,1,0
BRDA:371,41,0,0
BRDA:371,41,1,0
BRDA:371,42,0,0
BRDA:371,42,1,0
BRDA:373,43,0,0
BRDA:373,43,1,0
BRDA:385,44,0,0
BRDA:385,44,1,0
BRF:87
BRH:0
end_of_record
TN:
SF:src/components/CarFeatureGroups.tsx
FN:13,(anonymous_0)
FN:17,(anonymous_1)
FN:21,(anonymous_2)
FN:22,(anonymous_3)
FN:23,(anonymous_4)
FN:73,(anonymous_5)
FN:109,(anonymous_6)
FNF:7
FNH:0
FNDA:0,(anonymous_0)
FNDA:0,(anonymous_1)
FNDA:0,(anonymous_2)
FNDA:0,(anonymous_3)
FNDA:0,(anonymous_4)
FNDA:0,(anonymous_5)
FNDA:0,(anonymous_6)
DA:13,0
DA:14,0
DA:15,0
DA:17,0
DA:18,0
DA:21,0
DA:22,0
DA:23,0
DA:25,0
DA:59,0
DA:61,0
DA:74,0
DA:109,0
LF:13
LH:0
BRDA:18,0,0,0
BRDA:18,0,1,0
BRDA:26,1,0,0
BRDA:26,1,1,0
BRDA:34,2,0,0
BRDA:34,2,1,0
BRDA:42,3,0,0
BRDA:42,3,1,0
BRDA:59,4,0,0
BRDA:59,4,1,0
BRDA:61,5,0,0
BRDA:61,5,1,0
BRF:12
BRH:0
end_of_record
TN:
SF:src/components/CarGrid.tsx
FN:7,(anonymous_0)
FN:54,(anonymous_1)
FN:77,(anonymous_2)
FNF:3
FNH:0
FNDA:0,(anonymous_0)
FNDA:0,(anonymous_1)
FNDA:0,(anonymous_2)
DA:7,0
DA:8,0
DA:9,0
DA:10,0
DA:11,0
DA:12,0
DA:15,0
DA:54,0
DA:77,0
LF:9
LH:0
BRDA:11,0,0,0
BRDA:11,0,1,0
BRDA:11,1,0,0
BRDA:11,1,1,0
BRF:4
BRH:0
end_of_record
TN:
SF:src/components/CarInspectionReport.tsx
FN:110,(anonymous_0)
FN:121,(anonymous_1)
FN:139,(anonymous_2)
FN:153,(anonymous_3)
FN:154,(anonymous_4)
FN:163,(anonymous_5)
FN:238,(anonymous_6)
FN:271,(anonymous_7)
FN:286,(anonymous_8)
FN:296,(anonymous_9)
FN:304,(anonymous_10)
FN:315,(anonymous_11)
FN:329,(anonymous_12)
FN:343,(anonymous_13)
FN:391,(anonymous_14)
FN:439,(anonymous_15)
FN:442,(anonymous_16)
FN:447,(anonymous_17)
FN:481,(anonymous_18)
FN:501,(anonymous_19)
FN:512,(anonymous_20)
FN:529,(anonymous_21)
FN:541,(anonymous_22)
FN:545,(anonymous_23)
FN:573,(anonymous_24)
FN:583,(anonymous_25)
FN:595,(anonymous_26)
FN:600,(anonymous_27)
FN:620,(anonymous_28)
FN:628,(anonymous_29)
FN:640,(anonymous_30)
FN:656,(anonymous_31)
FN:662,(anonymous_32)
FN:663,(anonymous_33)
FN:680,(anonymous_34)
FN:681,(anonymous_35)
FN:693,(anonymous_36)
FN:729,(anonymous_37)
FN:740,(anonymous_38)
FN:741,(anonymous_39)
FN:817,(anonymous_40)
FN:834,(anonymous_41)
FN:841,(anonymous_42)
FN:850,(anonymous_43)
FN:887,(anonymous_44)
FN:898,(anonymous_45)
FN:899,(anonymous_46)
FN:928,(anonymous_47)
FN:947,(anonymous_48)
FN:953,(anonymous_49)
FN:983,(anonymous_50)
FN:990,(anonymous_51)
FN:996,(anonymous_52)
FN:999,(anonymous_53)
FN:1002,(anonymous_54)
FN:1006,(anonymous_55)
FN:1007,(anonymous_56)
FN:1013,(anonymous_57)
FN:1020,(anonymous_58)
FN:1022,(anonymous_59)
FN:1029,(anonymous_60)
FN:1031,(anonymous_61)
FN:1033,(anonymous_62)
FN:1041,(anonymous_63)
FN:1047,(anonymous_64)
FN:1050,(anonymous_65)
FN:1052,(anonymous_66)
FN:1062,(anonymous_67)
FN:1079,(anonymous_68)
FN:1083,(anonymous_69)
FN:1089,(anonymous_70)
FN:1099,(anonymous_71)
FN:1102,(anonymous_72)
FN:1102,(anonymous_73)
FN:1124,(anonymous_74)
FN:1130,(anonymous_75)
FN:1142,(anonymous_76)
FN:1173,(anonymous_77)
FN:1185,(anonymous_78)
FN:1197,(anonymous_79)
FN:1200,(anonymous_80)
FN:1204,(anonymous_81)
FN:1221,(anonymous_82)
FN:1229,(anonymous_83)
FN:1233,(anonymous_84)
FN:1246,(anonymous_85)
FN:1251,(anonymous_86)
FN:1256,(anonymous_87)
FN:1266,(anonymous_88)
FN:1291,(anonymous_89)
FN:1297,(anonymous_90)
FN:1297,(anonymous_91)
FN:1298,(anonymous_92)
FN:1298,(anonymous_93)
FN:1299,(anonymous_94)
FN:1301,(anonymous_95)
FN:1303,(anonymous_96)
FN:1305,(anonymous_97)
FN:1307,(anonymous_98)
FN:1310,(anonymous_99)
FN:1312,(anonymous_100)
FN:1312,(anonymous_101)
FN:1313,(anonymous_102)
FN:1313,(anonymous_103)
FN:1315,(anonymous_104)
FN:1316,(anonymous_105)
FN:1316,(anonymous_106)
FN:1366,(anonymous_107)
FN:1374,(anonymous_108)
FN:1446,(anonymous_109)
FN:1464,(anonymous_110)
FN:1516,(anonymous_111)
FN:1526,(anonymous_112)
FN:1526,(anonymous_113)
FN:1529,(anonymous_114)
FN:1633,(anonymous_115)
FN:1652,(anonymous_116)
FN:1669,(anonymous_117)
FN:1686,(anonymous_118)
FN:1711,(anonymous_119)
FN:1725,(anonymous_120)
FN:1743,(anonymous_121)
FN:1755,(anonymous_122)
FN:1776,(anonymous_123)
FN:1790,(anonymous_124)
FN:1802,(anonymous_125)
FN:1820,(anonymous_126)
FN:1832,(anonymous_127)
FN:1853,(anonymous_128)
FN:1867,(anonymous_129)
FN:1879,(anonymous_130)
FN:1893,(anonymous_131)
FN:1925,(anonymous_132)
FN:1972,(anonymous_133)
FN:1998,(anonymous_134)
FN:2001,(anonymous_135)
FN:2017,(anonymous_136)
FN:2066,(anonymous_137)
FN:2067,(anonymous_138)
FN:2068,(anonymous_139)
FN:2074,(anonymous_140)
FN:2138,(anonymous_141)
FN:2199,(anonymous_142)
FN:2206,(anonymous_143)
FN:2207,(anonymous_144)
FN:2233,(anonymous_145)
FN:2296,(anonymous_146)
FN:2302,(anonymous_147)
FN:2303,(anonymous_148)
FN:2335,(anonymous_149)
FN:2345,(anonymous_150)
FN:2421,(anonymous_151)
FN:2434,(anonymous_152)
FNF:153
FNH:0
FNDA:0,(anonymous_0)
FNDA:0,(anonymous_1)
FNDA:0,(anonymous_2)
FNDA:0,(anonymous_3)
FNDA:0,(anonymous_4)
FNDA:0,(anonymous_5)
FNDA:0,(anonymous_6)
FNDA:0,(anonymous_7)
FNDA:0,(anonymous_8)
FNDA:0,(anonymous_9)
FNDA:0,(anonymous_10)
FNDA:0,(anonymous_11)
FNDA:0,(anonymous_12)
FNDA:0,(anonymous_13)
FNDA:0,(anonymous_14)
FNDA:0,(anonymous_15)
FNDA:0,(anonymous_16)
FNDA:0,(anonymous_17)
FNDA:0,(anonymous_18)
FNDA:0,(anonymous_19)
FNDA:0,(anonymous_20)
FNDA:0,(anonymous_21)
FNDA:0,(anonymous_22)
FNDA:0,(anonymous_23)
FNDA:0,(anonymous_24)
FNDA:0,(anonymous_25)
FNDA:0,(anonymous_26)
FNDA:0,(anonymous_27)
FNDA:0,(anonymous_28)
FNDA:0,(anonymous_29)
FNDA:0,(anonymous_30)
FNDA:0,(anonymous_31)
FNDA:0,(anonymous_32)
FNDA:0,(anonymous_33)
FNDA:0,(anonymous_34)
FNDA:0,(anonymous_35)
FNDA:0,(anonymous_36)
FNDA:0,(anonymous_37)
FNDA:0,(anonymous_38)
FNDA:0,(anonymous_39)
FNDA:0,(anonymous_40)
FNDA:0,(anonymous_41)
FNDA:0,(anonymous_42)
FNDA:0,(anonymous_43)
FNDA:0,(anonymous_44)
FNDA:0,(anonymous_45)
FNDA:0,(anonymous_46)
FNDA:0,(anonymous_47)
FNDA:0,(anonymous_48)
FNDA:0,(anonymous_49)
FNDA:0,(anonymous_50)
FNDA:0,(anonymous_51)
FNDA:0,(anonymous_52)
FNDA:0,(anonymous_53)
FNDA:0,(anonymous_54)
FNDA:0,(anonymous_55)
FNDA:0,(anonymous_56)
FNDA:0,(anonymous_57)
FNDA:0,(anonymous_58)
FNDA:0,(anonymous_59)
FNDA:0,(anonymous_60)
FNDA:0,(anonymous_61)
FNDA:0,(anonymous_62)
FNDA:0,(anonymous_63)
FNDA:0,(anonymous_64)
FNDA:0,(anonymous_65)
FNDA:0,(anonymous_66)
FNDA:0,(anonymous_67)
FNDA:0,(anonymous_68)
FNDA:0,(anonymous_69)
FNDA:0,(anonymous_70)
FNDA:0,(anonymous_71)
FNDA:0,(anonymous_72)
FNDA:0,(anonymous_73)
FNDA:0,(anonymous_74)
FNDA:0,(anonymous_75)
FNDA:0,(anonymous_76)
FNDA:0,(anonymous_77)
FNDA:0,(anonymous_78)
FNDA:0,(anonymous_79)
FNDA:0,(anonymous_80)
FNDA:0,(anonymous_81)
FNDA:0,(anonymous_82)
FNDA:0,(anonymous_83)
FNDA:0,(anonymous_84)
FNDA:0,(anonymous_85)
FNDA:0,(anonymous_86)
FNDA:0,(anonymous_87)
FNDA:0,(anonymous_88)
FNDA:0,(anonymous_89)
FNDA:0,(anonymous_90)
FNDA:0,(anonymous_91)
FNDA:0,(anonymous_92)
FNDA:0,(anonymous_93)
FNDA:0,(anonymous_94)
FNDA:0,(anonymous_95)
FNDA:0,(anonymous_96)
FNDA:0,(anonymous_97)
FNDA:0,(anonymous_98)
FNDA:0,(anonymous_99)
FNDA:0,(anonymous_100)
FNDA:0,(anonymous_101)
FNDA:0,(anonymous_102)
FNDA:0,(anonymous_103)
FNDA:0,(anonymous_104)
FNDA:0,(anonymous_105)
FNDA:0,(anonymous_106)
FNDA:0,(anonymous_107)
FNDA:0,(anonymous_108)
FNDA:0,(anonymous_109)
FNDA:0,(anonymous_110)
FNDA:0,(anonymous_111)
FNDA:0,(anonymous_112)
FNDA:0,(anonymous_113)
FNDA:0,(anonymous_114)
FNDA:0,(anonymous_115)
FNDA:0,(anonymous_116)
FNDA:0,(anonymous_117)
FNDA:0,(anonymous_118)
FNDA:0,(anonymous_119)
FNDA:0,(anonymous_120)
FNDA:0,(anonymous_121)
FNDA:0,(anonymous_122)
FNDA:0,(anonymous_123)
FNDA:0,(anonymous_124)
FNDA:0,(anonymous_125)
FNDA:0,(anonymous_126)
FNDA:0,(anonymous_127)
FNDA:0,(anonymous_128)
FNDA:0,(anonymous_129)
FNDA:0,(anonymous_130)
FNDA:0,(anonymous_131)
FNDA:0,(anonymous_132)
FNDA:0,(anonymous_133)
FNDA:0,(anonymous_134)
FNDA:0,(anonymous_135)
FNDA:0,(anonymous_136)
FNDA:0,(anonymous_137)
FNDA:0,(anonymous_138)
FNDA:0,(anonymous_139)
FNDA:0,(anonymous_140)
FNDA:0,(anonymous_141)
FNDA:0,(anonymous_142)
FNDA:0,(anonymous_143)
FNDA:0,(anonymous_144)
FNDA:0,(anonymous_145)
FNDA:0,(anonymous_146)
FNDA:0,(anonymous_147)
FNDA:0,(anonymous_148)
FNDA:0,(anonymous_149)
FNDA:0,(anonymous_150)
FNDA:0,(anonymous_151)
FNDA:0,(anonymous_152)
DA:86,0
DA:102,0
DA:110,0
DA:113,0
DA:121,0
DA:122,0
DA:123,0
DA:125,0
DA:127,0
DA:129,0
DA:131,0
DA:133,0
DA:135,0
DA:139,0
DA:140,0
DA:141,0
DA:143,0
DA:145,0
DA:147,0
DA:149,0
DA:153,0
DA:154,0
DA:155,0
DA:156,0
DA:157,0
DA:159,0
DA:163,0
DA:178,0
DA:179,0
DA:180,0
DA:182,0
DA:183,0
DA:184,0
DA:185,0
DA:187,0
DA:188,0
DA:189,0
DA:190,0
DA:192,0
DA:193,0
DA:194,0
DA:195,0
DA:197,0
DA:198,0
DA:199,0
DA:238,0
DA:257,0
DA:271,0
DA:284,0
DA:286,0
DA:292,0
DA:295,0
DA:296,0
DA:297,0
DA:298,0
DA:300,0
DA:303,0
DA:304,0
DA:305,0
DA:306,0
DA:307,0
DA:309,0
DA:312,0
DA:314,0
DA:315,0
DA:316,0
DA:318,0
DA:320,0
DA:322,0
DA:324,0
DA:327,0
DA:328,0
DA:329,0
DA:330,0
DA:331,0
DA:332,0
DA:333,0
DA:334,0
DA:335,0
DA:337,0
DA:338,0
DA:340,0
DA:343,0
DA:344,0
DA:345,0
DA:346,0
DA:347,0
DA:348,0
DA:350,0
DA:351,0
DA:352,0
DA:391,0
DA:392,0
DA:393,0
DA:394,0
DA:395,0
DA:398,0
DA:399,0
DA:400,0
DA:403,0
DA:404,0
DA:405,0
DA:407,0
DA:410,0
DA:411,0
DA:412,0
DA:414,0
DA:436,0
DA:437,0
DA:439,0
DA:440,0
DA:442,0
DA:443,0
DA:446,0
DA:447,0
DA:448,0
DA:449,0
DA:452,0
DA:455,0
DA:459,0
DA:462,0
DA:466,0
DA:470,0
DA:471,0
DA:473,0
DA:474,0
DA:475,0
DA:477,0
DA:481,0
DA:482,0
DA:486,0
DA:487,0
DA:488,0
DA:490,0
DA:491,0
DA:492,0
DA:497,0
DA:501,0
DA:502,0
DA:503,0
DA:504,0
DA:505,0
DA:506,0
DA:507,0
DA:508,0
DA:512,0
DA:513,0
DA:514,0
DA:515,0
DA:516,0
DA:517,0
DA:518,0
DA:519,0
DA:522,0
DA:523,0
DA:524,0
DA:526,0
DA:529,0
DA:531,0
DA:533,0
DA:534,0
DA:535,0
DA:536,0
DA:537,0
DA:538,0
DA:541,0
DA:542,0
DA:545,0
DA:546,0
DA:547,0
DA:548,0
DA:549,0
DA:550,0
DA:551,0
DA:553,0
DA:554,0
DA:555,0
DA:556,0
DA:557,0
DA:560,0
DA:561,0
DA:562,0
DA:565,0
DA:566,0
DA:567,0
DA:569,0
DA:570,0
DA:573,0
DA:580,0
DA:581,0
DA:582,0
DA:583,0
DA:591,0
DA:592,0
DA:594,0
DA:595,0
DA:597,0
DA:599,0
DA:600,0
DA:601,0
DA:606,0
DA:608,0
DA:611,0
DA:612,0
DA:613,0
DA:615,0
DA:618,0
DA:619,0
DA:620,0
DA:621,0
DA:623,0
DA:626,0
DA:627,0
DA:628,0
DA:636,0
DA:639,0
DA:640,0
DA:641,0
DA:642,0
DA:643,0
DA:646,0
DA:652,0
DA:656,0
DA:657,0
DA:658,0
DA:662,0
DA:663,0
DA:664,0
DA:665,0
DA:666,0
DA:667,0
DA:669,0
DA:673,0
DA:674,0
DA:676,0
DA:680,0
DA:681,0
DA:682,0
DA:683,0
DA:684,0
DA:686,0
DA:689,0
DA:693,0
DA:694,0
DA:695,0
DA:696,0
DA:699,0
DA:700,0
DA:701,0
DA:702,0
DA:703,0
DA:706,0
DA:707,0
DA:708,0
DA:714,0
DA:729,0
DA:730,0
DA:731,0
DA:739,0
DA:740,0
DA:741,0
DA:749,0
DA:760,0
DA:761,0
DA:764,0
DA:765,0
DA:768,0
DA:770,0
DA:771,0
DA:774,0
DA:775,0
DA:776,0
DA:777,0
DA:779,0
DA:780,0
DA:781,0
DA:785,0
DA:787,0
DA:788,0
DA:789,0
DA:790,0
DA:791,0
DA:794,0
DA:795,0
DA:797,0
DA:798,0
DA:801,0
DA:806,0
DA:812,0
DA:817,0
DA:818,0
DA:820,0
DA:821,0
DA:822,0
DA:823,0
DA:825,0
DA:834,0
DA:835,0
DA:838,0
DA:839,0
DA:840,0
DA:841,0
DA:842,0
DA:843,0
DA:845,0
DA:850,0
DA:851,0
DA:852,0
DA:853,0
DA:855,0
DA:856,0
DA:857,0
DA:859,0
DA:860,0
DA:861,0
DA:864,0
DA:865,0
DA:866,0
DA:872,0
DA:887,0
DA:888,0
DA:889,0
DA:897,0
DA:898,0
DA:899,0
DA:907,0
DA:919,0
DA:920,0
DA:923,0
DA:925,0
DA:926,0
DA:927,0
DA:928,0
DA:929,0
DA:930,0
DA:931,0
DA:933,0
DA:935,0
DA:937,0
DA:943,0
DA:947,0
DA:948,0
DA:949,0
DA:950,0
DA:953,0
DA:954,0
DA:955,0
DA:957,0
DA:958,0
DA:959,0
DA:960,0
DA:961,0
DA:962,0
DA:963,0
DA:964,0
DA:970,0
DA:971,0
DA:973,0
DA:975,0
DA:976,0
DA:981,0
DA:983,0
DA:985,0
DA:986,0
DA:987,0
DA:990,0
DA:991,0
DA:996,0
DA:997,0
DA:999,0
DA:1000,0
DA:1002,0
DA:1006,0
DA:1007,0
DA:1013,0
DA:1014,0
DA:1015,0
DA:1016,0
DA:1017,0
DA:1020,0
DA:1021,0
DA:1022,0
DA:1026,0
DA:1029,0
DA:1030,0
DA:1031,0
DA:1032,0
DA:1033,0
DA:1034,0
DA:1036,0
DA:1038,0
DA:1041,0
DA:1042,0
DA:1043,0
DA:1044,0
DA:1047,0
DA:1048,0
DA:1049,0
DA:1050,0
DA:1051,0
DA:1052,0
DA:1053,0
DA:1054,0
DA:1057,0
DA:1059,0
DA:1062,0
DA:1063,0
DA:1066,0
DA:1067,0
DA:1068,0
DA:1069,0
DA:1070,0
DA:1072,0
DA:1073,0
DA:1074,0
DA:1075,0
DA:1076,0
DA:1079,0
DA:1080,0
DA:1081,0
DA:1082,0
DA:1083,0
DA:1084,0
DA:1085,0
DA:1086,0
DA:1089,0
DA:1090,0
DA:1093,0
DA:1095,0
DA:1098,0
DA:1099,0
DA:1100,0
DA:1101,0
DA:1102,0
DA:1104,0
DA:1105,0
DA:1106,0
DA:1108,0
DA:1109,0
DA:1111,0
DA:1115,0
DA:1116,0
DA:1117,0
DA:1119,0
DA:1121,0
DA:1124,0
DA:1126,0
DA:1128,0
DA:1129,0
DA:1130,0
DA:1132,0
DA:1134,0
DA:1138,0
DA:1139,0
DA:1142,0
DA:1144,0
DA:1147,0
DA:1168,0
DA:1169,0
DA:1170,0
DA:1171,0
DA:1172,0
DA:1173,0
DA:1174,0
DA:1175,0
DA:1176,0
DA:1177,0
DA:1178,0
DA:1179,0
DA:1180,0
DA:1182,0
DA:1185,0
DA:1186,0
DA:1187,0
DA:1188,0
DA:1189,0
DA:1190,0
DA:1191,0
DA:1195,0
DA:1197,0
DA:1198,0
DA:1199,0
DA:1200,0
DA:1204,0
DA:1205,0
DA:1207,0
DA:1209,0
DA:1211,0
DA:1213,0
DA:1215,0
DA:1217,0
DA:1221,0
DA:1222,0
DA:1223,0
DA:1224,0
DA:1229,0
DA:1232,0
DA:1233,0
DA:1234,0
DA:1246,0
DA:1249,0
DA:1251,0
DA:1256,0
DA:1259,0
DA:1260,0
DA:1261,0
DA:1262,0
DA:1263,0
DA:1266,0
DA:1267,0
DA:1268,0
DA:1269,0
DA:1270,0
DA:1271,0
DA:1272,0
DA:1273,0
DA:1274,0
DA:1275,0
DA:1276,0
DA:1277,0
DA:1279,0
DA:1284,0
DA:1291,0
DA:1292,0
DA:1293,0
DA:1297,0
DA:1298,0
DA:1299,0
DA:1300,0
DA:1301,0
DA:1303,0
DA:1304,0
DA:1305,0
DA:1307,0
DA:1308,0
DA:1309,0
DA:1310,0
DA:1312,0
DA:1313,0
DA:1315,0
DA:1316,0
DA:1366,0
DA:1374,0
DA:1446,0
DA:1464,0
DA:1517,0
DA:1518,0
DA:1519,0
DA:1521,0
DA:1522,0
DA:1523,0
DA:1524,0
DA:1525,0
DA:1526,0
DA:1527,0
DA:1528,0
DA:1529,0
DA:1530,0
DA:1532,0
DA:1536,0
DA:1633,0
DA:1652,0
DA:1669,0
DA:1686,0
DA:1711,0
DA:1725,0
DA:1743,0
DA:1755,0
DA:1776,0
DA:1790,0
DA:1802,0
DA:1820,0
DA:1832,0
DA:1853,0
DA:1867,0
DA:1879,0
DA:1893,0
DA:1925,0
DA:1972,0
DA:1999,0
DA:2000,0
DA:2001,0
DA:2017,0
DA:2066,0
DA:2068,0
DA:2069,0
DA:2074,0
DA:2138,0
DA:2199,0
DA:2206,0
DA:2208,0
DA:2209,0
DA:2210,0
DA:2211,0
DA:2233,0
DA:2296,0
DA:2302,0
DA:2304,0
DA:2336,0
DA:2337,0
DA:2346,0
DA:2347,0
DA:2421,0
DA:2434,0
LF:604
LH:0
BRDA:110,0,0,0
BRDA:110,0,1,0
BRDA:123,1,0,0
BRDA:123,1,1,0
BRDA:123,1,2,0
BRDA:123,1,3,0
BRDA:123,1,4,0
BRDA:123,1,5,0
BRDA:140,2,0,0
BRDA:140,2,1,0
BRDA:141,3,0,0
BRDA:141,3,1,0
BRDA:141,3,2,0
BRDA:141,3,3,0
BRDA:155,4,0,0
BRDA:155,4,1,0
BRDA:166,5,0,0
BRDA:182,6,0,0
BRDA:182,6,1,0
BRDA:187,7,0,0
BRDA:187,7,1,0
BRDA:190,8,0,0
BRDA:190,8,1,0
BRDA:192,9,0,0
BRDA:192,9,1,0
BRDA:197,10,0,0
BRDA:197,10,1,0
BRDA:209,11,0,0
BRDA:209,11,1,0
BRDA:210,12,0,0
BRDA:210,12,1,0
BRDA:223,13,0,0
BRDA:223,13,1,0
BRDA:224,14,0,0
BRDA:224,14,1,0
BRDA:225,15,0,0
BRDA:225,15,1,0
BRDA:244,16,0,0
BRDA:276,17,0,0
BRDA:276,17,1,0
BRDA:297,18,0,0
BRDA:297,18,1,0
BRDA:298,19,0,0
BRDA:298,19,1,0
BRDA:305,20,0,0
BRDA:305,20,1,0
BRDA:306,21,0,0
BRDA:306,21,1,0
BRDA:307,22,0,0
BRDA:307,22,1,0
BRDA:318,23,0,0
BRDA:318,23,1,0
BRDA:320,24,0,0
BRDA:320,24,1,0
BRDA:322,25,0,0
BRDA:322,25,1,0
BRDA:331,26,0,0
BRDA:331,26,1,0
BRDA:332,27,0,0
BRDA:332,27,1,0
BRDA:333,28,0,0
BRDA:333,28,1,0
BRDA:334,29,0,0
BRDA:334,29,1,0
BRDA:335,30,0,0
BRDA:335,30,1,0
BRDA:337,31,0,0
BRDA:337,31,1,0
BRDA:351,32,0,0
BRDA:351,32,1,0
BRDA:352,33,0,0
BRDA:352,33,1,0
BRDA:398,34,0,0
BRDA:398,34,1,0
BRDA:405,35,0,0
BRDA:405,35,1,0
BRDA:407,36,0,0
BRDA:407,36,1,0
BRDA:410,37,0,0
BRDA:410,37,1,0
BRDA:411,38,0,0
BRDA:411,38,1,0
BRDA:412,39,0,0
BRDA:412,39,1,0
BRDA:415,40,0,0
BRDA:415,40,1,0
BRDA:416,41,0,0
BRDA:416,41,1,0
BRDA:417,42,0,0
BRDA:417,42,1,0
BRDA:418,43,0,0
BRDA:418,43,1,0
BRDA:419,44,0,0
BRDA:419,44,1,0
BRDA:420,45,0,0
BRDA:420,45,1,0
BRDA:421,46,0,0
BRDA:421,46,1,0
BRDA:422,47,0,0
BRDA:422,47,1,0
BRDA:423,48,0,0
BRDA:423,48,1,0
BRDA:424,49,0,0
BRDA:424,49,1,0
BRDA:425,50,0,0
BRDA:425,50,1,0
BRDA:426,51,0,0
BRDA:426,51,1,0
BRDA:427,52,0,0
BRDA:427,52,1,0
BRDA:428,53,0,0
BRDA:428,53,1,0
BRDA:429,54,0,0
BRDA:429,54,1,0
BRDA:430,55,0,0
BRDA:430,55,1,0
BRDA:431,56,0,0
BRDA:431,56,1,0
BRDA:432,57,0,0
BRDA:432,57,1,0
BRDA:433,58,0,0
BRDA:433,58,1,0
BRDA:436,59,0,0
BRDA:436,59,1,0
BRDA:437,60,0,0
BRDA:437,60,1,0
BRDA:446,61,0,0
BRDA:446,61,1,0
BRDA:456,62,0,0
BRDA:456,62,1,0
BRDA:460,63,0,0
BRDA:460,63,1,0
BRDA:463,64,0,0
BRDA:463,64,1,0
BRDA:467,65,0,0
BRDA:467,65,1,0
BRDA:479,66,0,0
BRDA:479,66,1,0
BRDA:486,67,0,0
BRDA:486,67,1,0
BRDA:487,68,0,0
BRDA:487,68,1,0
BRDA:488,69,0,0
BRDA:488,69,1,0
BRDA:502,70,0,0
BRDA:502,70,1,0
BRDA:502,70,2,0
BRDA:502,70,3,0
BRDA:502,70,4,0
BRDA:502,70,5,0
BRDA:513,71,0,0
BRDA:513,71,1,0
BRDA:513,71,2,0
BRDA:513,71,3,0
BRDA:513,71,4,0
BRDA:513,71,5,0
BRDA:522,72,0,0
BRDA:522,72,1,0
BRDA:524,73,0,0
BRDA:524,73,1,0
BRDA:531,74,0,0
BRDA:531,74,1,0
BRDA:533,75,0,0
BRDA:533,75,1,0
BRDA:533,76,0,0
BRDA:533,76,1,0
BRDA:534,77,0,0
BRDA:534,77,1,0
BRDA:535,78,0,0
BRDA:535,78,1,0
BRDA:536,79,0,0
BRDA:536,79,1,0
BRDA:537,80,0,0
BRDA:537,80,1,0
BRDA:546,81,0,0
BRDA:546,81,1,0
BRDA:550,82,0,0
BRDA:550,82,1,0
BRDA:551,83,0,0
BRDA:551,83,1,0
BRDA:554,84,0,0
BRDA:554,84,1,0
BRDA:555,85,0,0
BRDA:555,85,1,0
BRDA:556,86,0,0
BRDA:556,86,1,0
BRDA:557,87,0,0
BRDA:557,87,1,0
BRDA:560,88,0,0
BRDA:560,88,1,0
BRDA:561,89,0,0
BRDA:561,89,1,0
BRDA:562,90,0,0
BRDA:562,90,1,0
BRDA:565,91,0,0
BRDA:565,91,1,0
BRDA:575,92,0,0
BRDA:575,92,1,0
BRDA:576,93,0,0
BRDA:576,93,1,0
BRDA:577,94,0,0
BRDA:577,94,1,0
BRDA:578,95,0,0
BRDA:578,95,1,0
BRDA:580,96,0,0
BRDA:580,96,1,0
BRDA:582,97,0,0
BRDA:582,97,1,0
BRDA:585,98,0,0
BRDA:585,98,1,0
BRDA:586,99,0,0
BRDA:586,99,1,0
BRDA:587,100,0,0
BRDA:587,100,1,0
BRDA:588,101,0,0
BRDA:588,101,1,0
BRDA:589,102,0,0
BRDA:589,102,1,0
BRDA:591,103,0,0
BRDA:591,103,1,0
BRDA:591,103,2,0
BRDA:592,104,0,0
BRDA:592,104,1,0
BRDA:597,105,0,0
BRDA:597,105,1,0
BRDA:602,106,0,0
BRDA:602,106,1,0
BRDA:611,107,0,0
BRDA:611,107,1,0
BRDA:612,108,0,0
BRDA:612,108,1,0
BRDA:613,109,0,0
BRDA:613,109,1,0
BRDA:615,110,0,0
BRDA:615,110,1,0
BRDA:618,111,0,0
BRDA:618,111,1,0
BRDA:626,112,0,0
BRDA:626,112,1,0
BRDA:630,113,0,0
BRDA:630,113,1,0
BRDA:631,114,0,0
BRDA:631,114,1,0
BRDA:632,115,0,0
BRDA:632,115,1,0
BRDA:648,116,0,0
BRDA:648,116,1,0
BRDA:657,117,0,0
BRDA:657,117,1,0
BRDA:664,118,0,0
BRDA:664,118,1,0
BRDA:694,119,0,0
BRDA:694,119,1,0
BRDA:700,120,0,0
BRDA:700,120,1,0
BRDA:701,121,0,0
BRDA:701,121,1,0
BRDA:709,122,0,0
BRDA:709,122,1,0
BRDA:709,122,2,0
BRDA:710,123,0,0
BRDA:710,123,1,0
BRDA:711,124,0,0
BRDA:711,124,1,0
BRDA:743,125,0,0
BRDA:743,125,1,0
BRDA:745,126,0,0
BRDA:745,126,1,0
BRDA:752,127,0,0
BRDA:752,127,1,0
BRDA:754,128,0,0
BRDA:754,128,1,0
BRDA:757,129,0,0
BRDA:757,129,1,0
BRDA:760,130,0,0
BRDA:760,130,1,0
BRDA:764,131,0,0
BRDA:764,131,1,0
BRDA:770,132,0,0
BRDA:770,132,1,0
BRDA:785,133,0,0
BRDA:785,133,1,0
BRDA:794,134,0,0
BRDA:794,134,1,0
BRDA:794,135,0,0
BRDA:794,135,1,0
BRDA:794,135,2,0
BRDA:818,136,0,0
BRDA:818,136,1,0
BRDA:818,137,0,0
BRDA:818,137,1,0
BRDA:827,138,0,0
BRDA:827,138,1,0
BRDA:835,139,0,0
BRDA:835,139,1,0
BRDA:838,140,0,0
BRDA:838,140,1,0
BRDA:838,141,0,0
BRDA:838,141,1,0
BRDA:842,142,0,0
BRDA:842,142,1,0
BRDA:851,143,0,0
BRDA:851,143,1,0
BRDA:855,144,0,0
BRDA:855,144,1,0
BRDA:859,145,0,0
BRDA:859,145,1,0
BRDA:867,146,0,0
BRDA:867,146,1,0
BRDA:867,146,2,0
BRDA:868,147,0,0
BRDA:868,147,1,0
BRDA:869,148,0,0
BRDA:869,148,1,0
BRDA:893,149,0,0
BRDA:893,149,1,0
BRDA:901,150,0,0
BRDA:901,150,1,0
BRDA:903,151,0,0
BRDA:903,151,1,0
BRDA:911,152,0,0
BRDA:911,152,1,0
BRDA:913,153,0,0
BRDA:913,153,1,0
BRDA:916,154,0,0
BRDA:916,154,1,0
BRDA:919,155,0,0
BRDA:919,155,1,0
BRDA:926,156,0,0
BRDA:926,156,1,0
BRDA:933,157,0,0
BRDA:933,157,1,0
BRDA:939,158,0,0
BRDA:939,158,1,0
BRDA:955,159,0,0
BRDA:955,159,1,0
BRDA:955,160,0,0
BRDA:955,160,1,0
BRDA:962,161,0,0
BRDA:962,161,1,0
BRDA:976,162,0,0
BRDA:976,162,1,0
BRDA:997,163,0,0
BRDA:997,163,1,0
BRDA:997,164,0,0
BRDA:997,164,1,0
BRDA:1014,165,0,0
BRDA:1014,165,1,0
BRDA:1021,166,0,0
BRDA:1021,166,1,0
BRDA:1030,167,0,0
BRDA:1030,167,1,0
BRDA:1042,168,0,0
BRDA:1042,168,1,0
BRDA:1048,169,0,0
BRDA:1048,169,1,0
BRDA:1048,170,0,0
BRDA:1048,170,1,0
BRDA:1053,171,0,0
BRDA:1053,171,1,0
BRDA:1066,172,0,0
BRDA:1066,172,1,0
BRDA:1067,173,0,0
BRDA:1067,173,1,0
BRDA:1068,174,0,0
BRDA:1068,174,1,0
BRDA:1069,175,0,0
BRDA:1069,175,1,0
BRDA:1070,176,0,0
BRDA:1070,176,1,0
BRDA:1080,177,0,0
BRDA:1080,177,1,0
BRDA:1084,178,0,0
BRDA:1084,178,1,0
BRDA:1084,179,0,0
BRDA:1084,179,1,0
BRDA:1084,180,0,0
BRDA:1084,180,1,0
BRDA:1085,181,0,0
BRDA:1085,181,1,0
BRDA:1100,182,0,0
BRDA:1100,182,1,0
BRDA:1100,183,0,0
BRDA:1100,183,1,0
BRDA:1101,184,0,0
BRDA:1101,184,1,0
BRDA:1105,185,0,0
BRDA:1105,185,1,0
BRDA:1108,186,0,0
BRDA:1108,186,1,0
BRDA:1115,187,0,0
BRDA:1115,187,1,0
BRDA:1126,188,0,0
BRDA:1126,188,1,0
BRDA:1128,189,0,0
BRDA:1128,189,1,0
BRDA:1132,190,0,0
BRDA:1132,190,1,0
BRDA:1132,191,0,0
BRDA:1132,191,1,0
BRDA:1132,192,0,0
BRDA:1132,192,1,0
BRDA:1132,193,0,0
BRDA:1132,193,1,0
BRDA:1186,194,0,0
BRDA:1186,194,1,0
BRDA:1186,194,2,0
BRDA:1186,194,3,0
BRDA:1186,194,4,0
BRDA:1195,195,0,0
BRDA:1195,195,1,0
BRDA:1199,196,0,0
BRDA:1199,196,1,0
BRDA:1205,197,0,0
BRDA:1205,197,1,0
BRDA:1205,197,2,0
BRDA:1205,197,3,0
BRDA:1205,197,4,0
BRDA:1205,197,5,0
BRDA:1223,198,0,0
BRDA:1223,198,1,0
BRDA:1232,199,0,0
BRDA:1232,199,1,0
BRDA:1232,200,0,0
BRDA:1232,200,1,0
BRDA:1232,200,2,0
BRDA:1259,201,0,0
BRDA:1259,201,1,0
BRDA:1259,202,0,0
BRDA:1259,202,1,0
BRDA:1261,203,0,0
BRDA:1261,203,1,0
BRDA:1266,204,0,0
BRDA:1266,204,1,0
BRDA:1267,205,0,0
BRDA:1267,205,1,0
BRDA:1268,206,0,0
BRDA:1268,206,1,0
BRDA:1269,207,0,0
BRDA:1269,207,1,0
BRDA:1270,208,0,0
BRDA:1270,208,1,0
BRDA:1271,209,0,0
BRDA:1271,209,1,0
BRDA:1272,210,0,0
BRDA:1272,210,1,0
BRDA:1273,211,0,0
BRDA:1273,211,1,0
BRDA:1274,212,0,0
BRDA:1274,212,1,0
BRDA:1275,213,0,0
BRDA:1275,213,1,0
BRDA:1276,214,0,0
BRDA:1276,214,1,0
BRDA:1277,215,0,0
BRDA:1277,215,1,0
BRDA:1277,216,0,0
BRDA:1277,216,1,0
BRDA:1292,217,0,0
BRDA:1292,217,1,0
BRDA:1328,218,0,0
BRDA:1328,218,1,0
BRDA:1328,219,0,0
BRDA:1328,219,1,0
BRDA:1329,220,0,0
BRDA:1329,220,1,0
BRDA:1329,221,0,0
BRDA:1329,221,1,0
BRDA:1366,222,0,0
BRDA:1366,222,1,0
BRDA:1374,223,0,0
BRDA:1374,223,1,0
BRDA:1375,224,0,0
BRDA:1375,224,1,0
BRDA:1385,225,0,0
BRDA:1385,225,1,0
BRDA:1414,226,0,0
BRDA:1414,226,1,0
BRDA:1446,227,0,0
BRDA:1446,227,1,0
BRDA:1461,228,0,0
BRDA:1461,228,1,0
BRDA:1506,229,0,0
BRDA:1506,229,1,0
BRDA:1517,230,0,0
BRDA:1517,230,1,0
BRDA:1517,231,0,0
BRDA:1517,231,1,0
BRDA:1525,232,0,0
BRDA:1525,232,1,0
BRDA:1528,233,0,0
BRDA:1528,233,1,0
BRDA:1528,234,0,0
BRDA:1528,234,1,0
BRDA:1528,234,2,0
BRDA:1529,235,0,0
BRDA:1529,235,1,0
BRDA:1529,236,0,0
BRDA:1529,236,1,0
BRDA:1529,237,0,0
BRDA:1529,237,1,0
BRDA:1710,238,0,0
BRDA:1710,238,1,0
BRDA:1714,239,0,0
BRDA:1714,239,1,0
BRDA:1724,240,0,0
BRDA:1724,240,1,0
BRDA:1728,241,0,0
BRDA:1728,241,1,0
BRDA:1742,242,0,0
BRDA:1742,242,1,0
BRDA:1746,243,0,0
BRDA:1746,243,1,0
BRDA:1754,244,0,0
BRDA:1754,244,1,0
BRDA:1758,245,0,0
BRDA:1758,245,1,0
BRDA:1775,246,0,0
BRDA:1775,246,1,0
BRDA:1779,247,0,0
BRDA:1779,247,1,0
BRDA:1789,248,0,0
BRDA:1789,248,1,0
BRDA:1793,249,0,0
BRDA:1793,249,1,0
BRDA:1801,250,0,0
BRDA:1801,250,1,0
BRDA:1805,251,0,0
BRDA:1805,251,1,0
BRDA:1819,252,0,0
BRDA:1819,252,1,0
BRDA:1823,253,0,0
BRDA:1823,253,1,0
BRDA:1831,254,0,0
BRDA:1831,254,1,0
BRDA:1835,255,0,0
BRDA:1835,255,1,0
BRDA:1852,256,0,0
BRDA:1852,256,1,0
BRDA:1856,257,0,0
BRDA:1856,257,1,0
BRDA:1866,258,0,0
BRDA:1866,258,1,0
BRDA:1870,259,0,0
BRDA:1870,259,1,0
BRDA:1878,260,0,0
BRDA:1878,260,1,0
BRDA:1882,261,0,0
BRDA:1882,261,1,0
BRDA:1892,262,0,0
BRDA:1892,262,1,0
BRDA:1896,263,0,0
BRDA:1896,263,1,0
BRDA:1925,264,0,0
BRDA:1925,264,1,0
BRDA:1928,265,0,0
BRDA:1928,265,1,0
BRDA:1929,266,0,0
BRDA:1929,266,1,0
BRDA:1963,267,0,0
BRDA:1963,267,1,0
BRDA:1976,268,0,0
BRDA:1976,268,1,0
BRDA:2001,269,0,0
BRDA:2001,269,1,0
BRDA:2001,270,0,0
BRDA:2001,270,1,0
BRDA:2008,271,0,0
BRDA:2008,271,1,0
BRDA:2009,272,0,0
BRDA:2009,272,1,0
BRDA:2010,273,0,0
BRDA:2010,273,1,0
BRDA:2011,274,0,0
BRDA:2011,274,1,0
BRDA:2012,275,0,0
BRDA:2012,275,1,0
BRDA:2077,276,0,0
BRDA:2077,276,1,0
BRDA:2135,277,0,0
BRDA:2135,277,1,0
BRDA:2139,278,0,0
BRDA:2139,278,1,0
BRDA:2209,279,0,0
BRDA:2209,279,1,0
BRDA:2210,280,0,0
BRDA:2210,280,1,0
BRDA:2211,281,0,0
BRDA:2211,281,1,0
BRDA:2232,282,0,0
BRDA:2232,282,1,0
BRDA:2295,283,0,0
BRDA:2295,283,1,0
BRDA:2302,284,0,0
BRDA:2302,284,1,0
BRDA:2302,284,2,0
BRDA:2304,285,0,0
BRDA:2304,285,1,0
BRDA:2304,285,2,0
BRDA:2374,286,0,0
BRDA:2374,286,1,0
BRDA:2425,287,0,0
BRDA:2425,287,1,0
BRF:603
BRH:0
end_of_record
TN:
SF:src/components/CarKeySpecs.tsx
FN:21,(anonymous_0)
FN:68,(anonymous_1)
FNF:2
FNH:0
FNDA:0,(anonymous_0)
FNDA:0,(anonymous_1)
DA:21,0
DA:30,0
DA:31,0
DA:69,0
LF:4
LH:0
BRDA:34,0,0,0
BRDA:34,0,1,0
BRDA:39,1,0,0
BRDA:39,1,1,0
BRF:4
BRH:0
end_of_record
TN:
SF:src/components/ChatSkeleton.tsx
FN:3,(anonymous_0)
FN:27,(anonymous_1)
FN:37,(anonymous_2)
FN:49,(anonymous_3)
FNF:4
FNH:0
FNDA:0,(anonymous_0)
FNDA:0,(anonymous_1)
FNDA:0,(anonymous_2)
FNDA:0,(anonymous_3)
DA:3,0
DA:27,0
DA:37,0
DA:49,0
LF:4
LH:0
BRDA:37,0,0,0
BRDA:39,1,0,0
BRDA:39,1,1,0
BRDA:41,2,0,0
BRDA:41,2,1,0
BRDA:42,3,0,0
BRDA:42,3,1,0
BRF:7
BRH:0
end_of_record
TN:
SF:src/components/ChatSystem.tsx
FN:48,ChatSystem
FN:62,(anonymous_1)
FN:73,(anonymous_2)
FN:80,(anonymous_3)
FN:85,(anonymous_4)
FN:92,(anonymous_5)
FN:99,(anonymous_6)
FN:114,(anonymous_7)
FN:116,(anonymous_8)
FN:118,(anonymous_9)
FN:140,(anonymous_10)
FN:142,(anonymous_11)
FN:142,(anonymous_12)
FN:149,(anonymous_13)
FN:155,(anonymous_14)
FN:168,(anonymous_15)
FN:181,(anonymous_16)
FN:199,(anonymous_17)
FN:204,(anonymous_18)
FN:204,(anonymous_19)
FN:221,(anonymous_20)
FN:226,(anonymous_21)
FN:232,(anonymous_22)
FN:249,(anonymous_23)
FN:297,(anonymous_24)
FN:304,(anonymous_25)
FN:323,(anonymous_26)
FN:333,(anonymous_27)
FN:342,(anonymous_28)
FN:380,(anonymous_29)
FN:446,(anonymous_30)
FN:465,(anonymous_31)
FN:491,(anonymous_32)
FN:525,(anonymous_33)
FN:535,(anonymous_34)
FN:577,(anonymous_35)
FN:583,(anonymous_36)
FN:636,(anonymous_37)
FN:638,(anonymous_38)
FNF:39
FNH:0
FNDA:0,ChatSystem
FNDA:0,(anonymous_1)
FNDA:0,(anonymous_2)
FNDA:0,(anonymous_3)
FNDA:0,(anonymous_4)
FNDA:0,(anonymous_5)
FNDA:0,(anonymous_6)
FNDA:0,(anonymous_7)
FNDA:0,(anonymous_8)
FNDA:0,(anonymous_9)
FNDA:0,(anonymous_10)
FNDA:0,(anonymous_11)
FNDA:0,(anonymous_12)
FNDA:0,(anonymous_13)
FNDA:0,(anonymous_14)
FNDA:0,(anonymous_15)
FNDA:0,(anonymous_16)
FNDA:0,(anonymous_17)
FNDA:0,(anonymous_18)
FNDA:0,(anonymous_19)
FNDA:0,(anonymous_20)
FNDA:0,(anonymous_21)
FNDA:0,(anonymous_22)
FNDA:0,(anonymous_23)
FNDA:0,(anonymous_24)
FNDA:0,(anonymous_25)
FNDA:0,(anonymous_26)
FNDA:0,(anonymous_27)
FNDA:0,(anonymous_28)
FNDA:0,(anonymous_29)
FNDA:0,(anonymous_30)
FNDA:0,(anonymous_31)
FNDA:0,(anonymous_32)
FNDA:0,(anonymous_33)
FNDA:0,(anonymous_34)
FNDA:0,(anonymous_35)
FNDA:0,(anonymous_36)
FNDA:0,(anonymous_37)
FNDA:0,(anonymous_38)
DA:49,0
DA:50,0
DA:51,0
DA:52,0
DA:53,0
DA:54,0
DA:55,0
DA:56,0
DA:57,0
DA:58,0
DA:59,0
DA:62,0
DA:63,0
DA:64,0
DA:65,0
DA:66,0
DA:68,0
DA:69,0
DA:70,0
DA:73,0
DA:74,0
DA:75,0
DA:80,0
DA:81,0
DA:85,0
DA:86,0
DA:87,0
DA:92,0
DA:93,0
DA:94,0
DA:99,0
DA:100,0
DA:102,0
DA:104,0
DA:115,0
DA:116,0
DA:118,0
DA:119,0
DA:120,0
DA:124,0
DA:125,0
DA:129,0
DA:141,0
DA:142,0
DA:143,0
DA:149,0
DA:150,0
DA:155,0
DA:156,0
DA:158,0
DA:170,0
DA:183,0
DA:189,0
DA:200,0
DA:201,0
DA:204,0
DA:206,0
DA:210,0
DA:211,0
DA:217,0
DA:221,0
DA:226,0
DA:227,0
DA:228,0
DA:232,0
DA:233,0
DA:235,0
DA:236,0
DA:242,0
DA:243,0
DA:244,0
DA:248,0
DA:250,0
DA:251,0
DA:254,0
DA:261,0
DA:268,0
DA:275,0
DA:276,0
DA:280,0
DA:287,0
DA:297,0
DA:298,0
DA:300,0
DA:304,0
DA:305,0
DA:306,0
DA:308,0
DA:315,0
DA:316,0
DA:317,0
DA:320,0
DA:323,0
DA:324,0
DA:325,0
DA:326,0
DA:329,0
DA:333,0
DA:334,0
DA:335,0
DA:342,0
DA:343,0
DA:345,0
DA:346,0
DA:348,0
DA:356,0
DA:357,0
DA:365,0
DA:366,0
DA:367,0
DA:371,0
DA:372,0
DA:373,0
DA:376,0
DA:380,0
DA:381,0
DA:384,0
DA:385,0
DA:390,0
DA:393,0
DA:394,0
DA:397,0
DA:402,0
DA:403,0
DA:412,0
DA:414,0
DA:415,0
DA:421,0
DA:423,0
DA:426,0
DA:429,0
DA:430,0
DA:437,0
DA:441,0
DA:442,0
DA:446,0
DA:448,0
DA:465,0
DA:492,0
DA:493,0
DA:494,0
DA:525,0
DA:536,0
DA:537,0
DA:577,0
DA:583,0
DA:636,0
DA:638,0
LF:148
LH:0
BRDA:63,0,0,0
BRDA:63,0,1,0
BRDA:69,1,0,0
BRDA:69,1,1,0
BRDA:86,2,0,0
BRDA:86,2,1,0
BRDA:86,3,0,0
BRDA:86,3,1,0
BRDA:93,4,0,0
BRDA:93,4,1,0
BRDA:100,5,0,0
BRDA:100,5,1,0
BRDA:100,6,0,0
BRDA:100,6,1,0
BRDA:119,7,0,0
BRDA:119,7,1,0
BRDA:124,8,0,0
BRDA:124,8,1,0
BRDA:143,9,0,0
BRDA:143,9,1,0
BRDA:156,10,0,0
BRDA:156,10,1,0
BRDA:206,11,0,0
BRDA:206,11,1,0
BRDA:206,11,2,0
BRDA:206,11,3,0
BRDA:206,11,4,0
BRDA:210,12,0,0
BRDA:210,12,1,0
BRDA:233,13,0,0
BRDA:233,13,1,0
BRDA:242,14,0,0
BRDA:242,14,1,0
BRDA:249,15,0,0
BRDA:249,15,1,0
BRDA:250,16,0,0
BRDA:250,16,1,0
BRDA:251,17,0,0
BRDA:251,17,1,0
BRDA:275,18,0,0
BRDA:275,18,1,0
BRDA:275,19,0,0
BRDA:275,19,1,0
BRDA:289,20,0,0
BRDA:289,20,1,0
BRDA:290,21,0,0
BRDA:290,21,1,0
BRDA:291,22,0,0
BRDA:291,22,1,0
BRDA:305,23,0,0
BRDA:305,23,1,0
BRDA:315,24,0,0
BRDA:315,24,1,0
BRDA:320,25,0,0
BRDA:320,25,1,0
BRDA:323,26,0,0
BRDA:323,26,1,0
BRDA:323,27,0,0
BRDA:323,27,1,0
BRDA:324,28,0,0
BRDA:324,28,1,0
BRDA:334,29,0,0
BRDA:334,29,1,0
BRDA:343,30,0,0
BRDA:343,30,1,0
BRDA:343,31,0,0
BRDA:343,31,1,0
BRDA:343,31,2,0
BRDA:356,32,0,0
BRDA:356,32,1,0
BRDA:365,33,0,0
BRDA:365,33,1,0
BRDA:381,34,0,0
BRDA:381,34,1,0
BRDA:381,35,0,0
BRDA:381,35,1,0
BRDA:381,35,2,0
BRDA:384,36,0,0
BRDA:384,36,1,0
BRDA:394,37,0,0
BRDA:394,37,1,0
BRDA:412,38,0,0
BRDA:412,38,1,0
BRDA:414,39,0,0
BRDA:414,39,1,0
BRDA:414,40,0,0
BRDA:414,40,1,0
BRDA:448,41,0,0
BRDA:448,41,1,0
BRDA:448,42,0,0
BRDA:448,42,1,0
BRDA:448,42,2,0
BRDA:456,43,0,0
BRDA:456,43,1,0
BRDA:475,44,0,0
BRDA:475,44,1,0
BRDA:541,45,0,0
BRDA:541,45,1,0
BRDA:548,46,0,0
BRDA:548,46,1,0
BRDA:604,47,0,0
BRDA:604,47,1,0
BRDA:610,48,0,0
BRDA:610,48,1,0
BRDA:638,49,0,0
BRDA:638,49,1,0
BRDA:638,49,2,0
BRF:107
BRH:0
end_of_record
TN:
SF:src/components/CitySelect.tsx
FN:12,(anonymous_0)
FN:16,(anonymous_1)
FN:17,(anonymous_2)
FN:24,(anonymous_3)
FNF:4
FNH:0
FNDA:0,(anonymous_0)
FNDA:0,(anonymous_1)
FNDA:0,(anonymous_2)
FNDA:0,(anonymous_3)
DA:12,0
DA:13,0
DA:14,0
DA:16,0
DA:17,0
DA:18,0
DA:23,0
DA:24,0
DA:29,0
DA:32,0
LF:10
LH:0
BRDA:12,0,0,0
BRDA:23,1,0,0
BRDA:23,1,1,0
BRDA:23,2,0,0
BRDA:23,2,1,0
BRDA:40,3,0,0
BRDA:40,3,1,0
BRF:7
BRH:0
end_of_record
TN:
SF:src/components/DashboardCarCard.tsx
FN:41,(anonymous_0)
FN:62,(anonymous_1)
FN:73,(anonymous_2)
FN:114,(anonymous_3)
FN:128,(anonymous_4)
FN:149,(anonymous_5)
FN:174,(anonymous_6)
FNF:7
FNH:0
FNDA:0,(anonymous_0)
FNDA:0,(anonymous_1)
FNDA:0,(anonymous_2)
FNDA:0,(anonymous_3)
FNDA:0,(anonymous_4)
FNDA:0,(anonymous_5)
FNDA:0,(anonymous_6)
DA:41,0
DA:60,0
DA:62,0
DA:64,0
DA:67,0
DA:68,0
DA:69,0
DA:70,0
DA:73,0
DA:74,0
DA:82,0
DA:114,0
DA:128,0
DA:149,0
DA:175,0
DA:176,0
DA:177,0
DA:178,0
DA:180,0
LF:19
LH:0
BRDA:50,0,0,0
BRDA:52,1,0,0
BRDA:56,2,0,0
BRDA:57,3,0,0
BRDA:64,4,0,0
BRDA:64,4,1,0
BRDA:64,5,0,0
BRDA:64,5,1,0
BRDA:68,6,0,0
BRDA:68,6,1,0
BRDA:68,7,0,0
BRDA:68,7,1,0
BRDA:68,8,0,0
BRDA:68,8,1,0
BRDA:70,9,0,0
BRDA:70,9,1,0
BRDA:74,10,0,0
BRDA:74,10,1,NaN
BRDA:74,10,2,NaN
BRDA:74,10,3,NaN
BRDA:90,11,0,0
BRDA:90,11,1,0
BRDA:175,12,0,0
BRDA:175,12,1,0
BRDA:186,13,0,0
BRDA:186,13,1,0
BRF:26
BRH:0
end_of_record
TN:
SF:src/components/DashboardPagination.tsx
FN:17,(anonymous_0)
FN:69,(anonymous_1)
FN:86,(anonymous_2)
FN:96,(anonymous_3)
FN:113,(anonymous_4)
FN:125,(anonymous_5)
FNF:6
FNH:0
FNDA:0,(anonymous_0)
FNDA:0,(anonymous_1)
FNDA:0,(anonymous_2)
FNDA:0,(anonymous_3)
FNDA:0,(anonymous_4)
FNDA:0,(anonymous_5)
DA:17,0
DA:28,0
DA:29,0
DA:30,0
DA:69,0
DA:86,0
DA:98,0
DA:99,0
DA:100,0
DA:101,0
DA:102,0
DA:103,0
DA:105,0
DA:113,0
DA:125,0
LF:15
LH:0
BRDA:26,0,0,0
BRDA:98,1,0,0
BRDA:98,1,1,0
BRDA:100,2,0,0
BRDA:100,2,1,0
BRDA:102,3,0,0
BRDA:102,3,1,0
BRDA:111,4,0,0
BRDA:111,4,1,0
BRF:9
BRH:0
end_of_record
TN:
SF:src/components/EmptyState.tsx
FN:18,(anonymous_0)
FNF:1
FNH:0
FNDA:0,(anonymous_0)
DA:18,0
LF:1
LH:0
BRDA:23,0,0,0
BRDA:43,1,0,0
BRDA:43,1,1,0
BRDA:52,2,0,0
BRDA:52,2,1,0
BRF:5
BRH:0
end_of_record
TN:
SF:src/components/EnhancedPhotoUploader.tsx
FN:32,getPathFromPublicUrl
FN:38,SafeImage
FN:47,(anonymous_2)
FN:54,(anonymous_3)
FN:104,SortableThumb
FN:171,(anonymous_5)
FN:184,(anonymous_6)
FN:206,EnhancedPhotoUploader
FN:222,(anonymous_8)
FN:228,(anonymous_9)
FN:241,(anonymous_10)
FN:252,(anonymous_11)
FN:297,(anonymous_12)
FN:309,(anonymous_13)
FN:333,(anonymous_14)
FN:334,(anonymous_15)
FN:338,(anonymous_16)
FN:354,(anonymous_17)
FN:355,(anonymous_18)
FN:365,(anonymous_19)
FN:368,(anonymous_20)
FN:376,(anonymous_21)
FN:384,(anonymous_22)
FN:389,(anonymous_23)
FN:394,(anonymous_24)
FN:395,(anonymous_25)
FN:403,(anonymous_26)
FN:426,(anonymous_27)
FN:496,(anonymous_28)
FN:506,(anonymous_29)
FN:532,(anonymous_30)
FN:550,(anonymous_31)
FN:551,(anonymous_32)
FN:552,(anonymous_33)
FN:553,(anonymous_34)
FNF:35
FNH:0
FNDA:0,getPathFromPublicUrl
FNDA:0,SafeImage
FNDA:0,(anonymous_2)
FNDA:0,(anonymous_3)
FNDA:0,SortableThumb
FNDA:0,(anonymous_5)
FNDA:0,(anonymous_6)
FNDA:0,EnhancedPhotoUploader
FNDA:0,(anonymous_8)
FNDA:0,(anonymous_9)
FNDA:0,(anonymous_10)
FNDA:0,(anonymous_11)
FNDA:0,(anonymous_12)
FNDA:0,(anonymous_13)
FNDA:0,(anonymous_14)
FNDA:0,(anonymous_15)
FNDA:0,(anonymous_16)
FNDA:0,(anonymous_17)
FNDA:0,(anonymous_18)
FNDA:0,(anonymous_19)
FNDA:0,(anonymous_20)
FNDA:0,(anonymous_21)
FNDA:0,(anonymous_22)
FNDA:0,(anonymous_23)
FNDA:0,(anonymous_24)
FNDA:0,(anonymous_25)
FNDA:0,(anonymous_26)
FNDA:0,(anonymous_27)
FNDA:0,(anonymous_28)
FNDA:0,(anonymous_29)
FNDA:0,(anonymous_30)
FNDA:0,(anonymous_31)
FNDA:0,(anonymous_32)
FNDA:0,(anonymous_33)
FNDA:0,(anonymous_34)
DA:30,0
DA:33,0
DA:34,0
DA:35,0
DA:44,0
DA:45,0
DA:47,0
DA:48,0
DA:49,0
DA:50,0
DA:51,0
DA:54,0
DA:55,0
DA:58,0
DA:61,0
DA:65,0
DA:66,0
DA:111,0
DA:113,0
DA:119,0
DA:121,0
DA:172,0
DA:173,0
DA:185,0
DA:186,0
DA:207,0
DA:208,0
DA:209,0
DA:210,0
DA:211,0
DA:213,0
DA:222,0
DA:223,0
DA:224,0
DA:225,0
DA:228,0
DA:229,0
DA:230,0
DA:236,0
DA:238,0
DA:241,0
DA:242,0
DA:245,0
DA:249,0
DA:252,0
DA:253,0
DA:254,0
DA:255,0
DA:256,0
DA:259,0
DA:260,0
DA:267,0
DA:268,0
DA:269,0
DA:271,0
DA:276,0
DA:278,0
DA:281,0
DA:282,0
DA:284,0
DA:295,0
DA:297,0
DA:299,0
DA:300,0
DA:304,0
DA:305,0
DA:309,0
DA:310,0
DA:311,0
DA:312,0
DA:313,0
DA:316,0
DA:317,0
DA:318,0
DA:320,0
DA:324,0
DA:333,0
DA:334,0
DA:335,0
DA:338,0
DA:339,0
DA:342,0
DA:346,0
DA:347,0
DA:348,0
DA:351,0
DA:354,0
DA:355,0
DA:356,0
DA:358,0
DA:359,0
DA:360,0
DA:362,0
DA:365,0
DA:368,0
DA:376,0
DA:377,0
DA:384,0
DA:385,0
DA:386,0
DA:389,0
DA:390,0
DA:391,0
DA:393,0
DA:394,0
DA:395,0
DA:397,0
DA:398,0
DA:399,0
DA:403,0
DA:404,0
DA:405,0
DA:406,0
DA:413,0
DA:414,0
DA:415,0
DA:416,0
DA:417,0
DA:418,0
DA:419,0
DA:422,0
DA:426,0
DA:427,0
DA:428,0
DA:429,0
DA:431,0
DA:432,0
DA:439,0
DA:440,0
DA:441,0
DA:442,0
DA:443,0
DA:444,0
DA:445,0
DA:448,0
DA:496,0
DA:506,0
DA:532,0
DA:550,0
DA:551,0
LF:140
LH:0
BRDA:34,0,0,0
BRDA:34,0,1,0
BRDA:61,1,0,0
BRDA:61,1,1,0
BRDA:65,2,0,0
BRDA:65,2,1,0
BRDA:66,3,0,0
BRDA:66,3,1,0
BRDA:98,4,0,0
BRDA:98,4,1,0
BRDA:104,5,0,0
BRDA:116,6,0,0
BRDA:116,6,1,0
BRDA:121,7,0,0
BRDA:121,7,1,0
BRDA:135,8,0,0
BRDA:135,8,1,0
BRDA:223,9,0,0
BRDA:223,9,1,0
BRDA:236,10,0,0
BRDA:236,10,1,0
BRDA:238,11,0,0
BRDA:238,11,1,0
BRDA:254,12,0,0
BRDA:254,12,1,0
BRDA:272,13,0,0
BRDA:272,13,1,0
BRDA:276,14,0,0
BRDA:276,14,1,0
BRDA:295,15,0,0
BRDA:295,15,1,0
BRDA:299,16,0,0
BRDA:299,16,1,0
BRDA:305,17,0,0
BRDA:305,17,1,0
BRDA:310,18,0,0
BRDA:310,18,1,0
BRDA:311,19,0,0
BRDA:311,19,1,0
BRDA:335,20,0,0
BRDA:335,20,1,0
BRDA:342,21,0,0
BRDA:342,21,1,0
BRDA:342,22,0,0
BRDA:342,22,1,0
BRDA:347,23,0,0
BRDA:347,23,1,0
BRDA:356,24,0,0
BRDA:356,24,1,0
BRDA:393,25,0,0
BRDA:393,25,1,0
BRDA:393,26,0,0
BRDA:393,26,1,0
BRDA:404,27,0,0
BRDA:404,27,1,0
BRDA:413,28,0,0
BRDA:413,28,1,0
BRDA:427,29,0,0
BRDA:427,29,1,0
BRDA:439,30,0,0
BRDA:439,30,1,0
BRDA:459,31,0,0
BRDA:459,31,1,0
BRDA:462,32,0,0
BRDA:462,32,1,0
BRDA:473,33,0,0
BRDA:473,33,1,0
BRDA:484,34,0,0
BRDA:484,34,1,0
BRDA:528,35,0,0
BRDA:528,35,1,0
BRDA:548,36,0,0
BRDA:548,36,1,0
BRF:73
BRH:0
end_of_record
TN:
SF:src/components/ErrorBoundary.tsx
FN:23,(anonymous_0)
FN:28,(anonymous_1)
FN:48,(anonymous_2)
FN:81,(anonymous_3)
FN:87,(anonymous_4)
FN:43,(anonymous_5)
FNF:6
FNH:0
FNDA:0,(anonymous_0)
FNDA:0,(anonymous_1)
FNDA:0,(anonymous_2)
FNDA:0,(anonymous_3)
FNDA:0,(anonymous_4)
FNDA:0,(anonymous_5)
DA:18,0
DA:25,0
DA:29,0
DA:32,0
DA:40,0
DA:44,0
DA:45,0
DA:49,0
DA:51,0
DA:52,0
DA:81,0
DA:87,0
DA:130,0
LF:13
LH:0
BRDA:33,0,0,0
BRDA:33,0,1,0
BRDA:49,1,0,0
BRDA:49,1,1,0
BRDA:49,2,0,0
BRDA:49,2,1,0
BRDA:51,3,0,0
BRDA:51,3,1,0
BRDA:66,4,0,0
BRDA:66,4,1,0
BRF:10
BRH:0
end_of_record
TN:
SF:src/components/ExpandableDescription.tsx
FN:11,ExpandableDescription
FN:26,(anonymous_1)
FN:45,(anonymous_2)
FNF:3
FNH:0
FNDA:0,ExpandableDescription
FNDA:0,(anonymous_1)
FNDA:0,(anonymous_2)
DA:16,0
DA:18,0
DA:20,0
DA:21,0
DA:26,0
DA:45,0
LF:6
LH:0
BRDA:13,0,0,0
BRDA:14,1,0,0
BRDA:18,2,0,0
BRDA:18,2,1,0
BRDA:21,3,0,0
BRDA:21,3,1,0
BRDA:21,4,0,0
BRDA:21,4,1,0
BRF:8
BRH:0
end_of_record
TN:
SF:src/components/EzcarLogo.tsx
FN:6,(anonymous_0)
FNF:1
FNH:0
FNDA:0,(anonymous_0)
DA:6,0
DA:8,0
LF:2
LH:0
BRF:0
BRH:0
end_of_record
TN:
SF:src/components/FeatureErrorBoundary.tsx
FN:24,FeatureErrorBoundary
FN:25,(anonymous_1)
FN:59,(anonymous_2)
FNF:3
FNH:0
FNDA:0,FeatureErrorBoundary
FNDA:0,(anonymous_1)
FNDA:0,(anonymous_2)
DA:25,0
DA:26,0
DA:59,0
LF:3
LH:0
BRF:0
BRH:0
end_of_record
TN:
SF:src/components/FilterChips.tsx
FN:20,(anonymous_0)
FN:24,(anonymous_1)
FN:33,(anonymous_2)
FN:35,(anonymous_3)
FN:38,(anonymous_4)
FN:91,(anonymous_5)
FNF:6
FNH:0
FNDA:0,(anonymous_0)
FNDA:0,(anonymous_1)
FNDA:0,(anonymous_2)
FNDA:0,(anonymous_3)
FNDA:0,(anonymous_4)
FNDA:0,(anonymous_5)
DA:20,0
DA:21,0
DA:22,0
DA:24,0
DA:25,0
DA:26,0
DA:28,0
DA:33,0
DA:34,0
DA:35,0
DA:38,0
DA:39,0
DA:42,0
DA:44,0
DA:46,0
DA:48,0
DA:50,0
DA:52,0
DA:54,0
DA:56,0
DA:58,0
DA:61,0
DA:91,0
LF:23
LH:0
BRDA:22,0,0,0
BRDA:22,0,1,0
BRDA:34,1,0,0
BRDA:34,1,1,0
BRDA:39,2,0,0
BRDA:39,2,1,0
BRDA:42,3,0,0
BRDA:42,3,1,0
BRDA:42,3,2,0
BRDA:42,3,3,0
BRDA:42,3,4,0
BRDA:42,3,5,0
BRDA:42,3,6,0
BRDA:42,3,7,0
BRDA:42,3,8,0
BRF:15
BRH:0
end_of_record
TN:
SF:src/components/FilterPanel.tsx
FN:34,(anonymous_0)
FN:51,(anonymous_1)
FN:59,(anonymous_2)
FN:60,(anonymous_3)
FN:62,(anonymous_4)
FN:66,(anonymous_5)
FN:70,(anonymous_6)
FN:75,(anonymous_7)
FN:81,(anonymous_8)
FN:93,(anonymous_9)
FN:114,(anonymous_10)
FN:123,(anonymous_11)
FN:135,(anonymous_12)
FN:148,(anonymous_13)
FN:159,(anonymous_14)
FN:170,(anonymous_15)
FN:183,(anonymous_16)
FN:195,(anonymous_17)
FN:205,(anonymous_18)
FN:214,(anonymous_19)
FN:223,(anonymous_20)
FN:232,(anonymous_21)
FN:241,(anonymous_22)
FN:250,(anonymous_23)
FN:259,(anonymous_24)
FN:268,(anonymous_25)
FN:277,(anonymous_26)
FN:286,(anonymous_27)
FN:309,(anonymous_28)
FN:321,(anonymous_29)
FN:331,(anonymous_30)
FN:340,(anonymous_31)
FN:349,(anonymous_32)
FN:358,(anonymous_33)
FN:367,(anonymous_34)
FN:376,(anonymous_35)
FN:385,(anonymous_36)
FN:394,(anonymous_37)
FN:403,(anonymous_38)
FN:412,(anonymous_39)
FN:434,(anonymous_40)
FN:494,(anonymous_41)
FN:500,(anonymous_42)
FNF:43
FNH:0
FNDA:0,(anonymous_0)
FNDA:0,(anonymous_1)
FNDA:0,(anonymous_2)
FNDA:0,(anonymous_3)
FNDA:0,(anonymous_4)
FNDA:0,(anonymous_5)
FNDA:0,(anonymous_6)
FNDA:0,(anonymous_7)
FNDA:0,(anonymous_8)
FNDA:0,(anonymous_9)
FNDA:0,(anonymous_10)
FNDA:0,(anonymous_11)
FNDA:0,(anonymous_12)
FNDA:0,(anonymous_13)
FNDA:0,(anonymous_14)
FNDA:0,(anonymous_15)
FNDA:0,(anonymous_16)
FNDA:0,(anonymous_17)
FNDA:0,(anonymous_18)
FNDA:0,(anonymous_19)
FNDA:0,(anonymous_20)
FNDA:0,(anonymous_21)
FNDA:0,(anonymous_22)
FNDA:0,(anonymous_23)
FNDA:0,(anonymous_24)
FNDA:0,(anonymous_25)
FNDA:0,(anonymous_26)
FNDA:0,(anonymous_27)
FNDA:0,(anonymous_28)
FNDA:0,(anonymous_29)
FNDA:0,(anonymous_30)
FNDA:0,(anonymous_31)
FNDA:0,(anonymous_32)
FNDA:0,(anonymous_33)
FNDA:0,(anonymous_34)
FNDA:0,(anonymous_35)
FNDA:0,(anonymous_36)
FNDA:0,(anonymous_37)
FNDA:0,(anonymous_38)
FNDA:0,(anonymous_39)
FNDA:0,(anonymous_40)
FNDA:0,(anonymous_41)
FNDA:0,(anonymous_42)
DA:34,0
DA:35,0
DA:36,0
DA:37,0
DA:38,0
DA:41,0
DA:43,0
DA:51,0
DA:52,0
DA:53,0
DA:56,0
DA:59,0
DA:60,0
DA:61,0
DA:62,0
DA:66,0
DA:70,0
DA:73,0
DA:75,0
DA:76,0
DA:77,0
DA:78,0
DA:81,0
DA:82,0
DA:83,0
DA:93,0
DA:114,0
DA:123,0
DA:135,0
DA:148,0
DA:159,0
DA:170,0
DA:183,0
DA:195,0
DA:205,0
DA:214,0
DA:223,0
DA:232,0
DA:241,0
DA:250,0
DA:259,0
DA:268,0
DA:277,0
DA:286,0
DA:309,0
DA:321,0
DA:331,0
DA:340,0
DA:349,0
DA:358,0
DA:367,0
DA:376,0
DA:385,0
DA:394,0
DA:403,0
DA:412,0
DA:435,0
DA:436,0
DA:462,0
DA:494,0
DA:501,0
DA:502,0
LF:62
LH:0
BRDA:34,0,0,0
BRDA:52,1,0,0
BRDA:52,1,1,0
BRDA:52,2,0,0
BRDA:52,2,1,0
BRDA:76,3,0,0
BRDA:76,3,1,0
BRDA:77,4,0,0
BRDA:77,4,1,0
BRDA:82,5,0,0
BRDA:82,5,1,0
BRDA:173,6,0,0
BRDA:173,6,1,0
BRDA:452,7,0,0
BRDA:452,7,1,0
BRDA:462,8,0,0
BRDA:462,8,1,0
BRF:17
BRH:0
end_of_record
TN:
SF:src/components/Footer.tsx
FN:6,(anonymous_0)
FNF:1
FNH:0
FNDA:0,(anonymous_0)
DA:6,0
DA:7,0
DA:8,0
DA:9,0
LF:4
LH:0
BRDA:9,0,0,0
BRDA:9,0,1,0
BRDA:9,1,0,0
BRDA:9,1,1,0
BRF:4
BRH:0
end_of_record
TN:
SF:src/components/FormProgress.tsx
FN:10,(anonymous_0)
FN:12,(anonymous_1)
FN:50,(anonymous_2)
FNF:3
FNH:0
FNDA:0,(anonymous_0)
FNDA:0,(anonymous_1)
FNDA:0,(anonymous_2)
DA:10,0
DA:12,0
DA:13,0
DA:14,0
DA:15,0
DA:16,0
DA:19,0
DA:20,0
DA:21,0
DA:51,0
DA:52,0
DA:53,0
LF:12
LH:0
BRDA:14,0,0,0
BRDA:14,0,1,0
BRDA:14,1,0,0
BRDA:14,1,1,0
BRDA:46,2,0,0
BRDA:46,2,1,0
BRDA:53,3,0,0
BRDA:53,3,1,0
BRDA:53,4,0,0
BRDA:53,4,1,0
BRDA:55,5,0,0
BRDA:55,5,1,0
BRDA:56,6,0,0
BRDA:56,6,1,0
BRDA:57,7,0,0
BRDA:57,7,1,0
BRF:16
BRH:0
end_of_record
TN:
SF:src/components/GoogleAnalytics.tsx
FN:14,(anonymous_0)
FN:17,(anonymous_1)
FN:47,(anonymous_2)
FN:62,(anonymous_3)
FN:75,(anonymous_4)
FN:89,(anonymous_5)
FN:93,(anonymous_6)
FN:97,(anonymous_7)
FN:101,(anonymous_8)
FN:105,(anonymous_9)
FNF:10
FNH:0
FNDA:0,(anonymous_0)
FNDA:0,(anonymous_1)
FNDA:0,(anonymous_2)
FNDA:0,(anonymous_3)
FNDA:0,(anonymous_4)
FNDA:0,(anonymous_5)
FNDA:0,(anonymous_6)
FNDA:0,(anonymous_7)
FNDA:0,(anonymous_8)
FNDA:0,(anonymous_9)
DA:14,0
DA:15,0
DA:17,0
DA:19,0
DA:20,0
DA:24,0
DA:25,0
DA:26,0
DA:30,0
DA:31,0
DA:32,0
DA:33,0
DA:35,0
DA:36,0
DA:45,0
DA:47,0
DA:48,0
DA:49,0
DA:50,0
DA:52,0
DA:53,0
DA:56,0
DA:62,0
DA:63,0
DA:64,0
DA:71,0
DA:75,0
DA:76,0
DA:77,0
DA:78,0
DA:85,0
DA:89,0
DA:90,0
DA:93,0
DA:94,0
DA:97,0
DA:98,0
DA:101,0
DA:102,0
DA:105,0
DA:106,0
LF:41
LH:0
BRDA:19,0,0,0
BRDA:19,0,1,0
BRDA:19,1,0,0
BRDA:19,1,1,0
BRDA:25,2,0,0
BRDA:25,2,1,0
BRDA:49,3,0,0
BRDA:49,3,1,0
BRDA:52,4,0,0
BRDA:52,4,1,0
BRDA:63,5,0,0
BRDA:63,5,1,0
BRDA:63,6,0,0
BRDA:63,6,1,0
BRDA:63,6,2,0
BRDA:77,7,0,0
BRDA:77,7,1,0
BRF:17
BRH:0
end_of_record
TN:
SF:src/components/HCaptcha.tsx
FN:22,HCaptcha
FN:32,(anonymous_1)
FN:33,(anonymous_2)
FN:40,(anonymous_3)
FN:45,(anonymous_4)
FN:53,(anonymous_5)
FN:56,(anonymous_6)
FN:61,(anonymous_7)
FN:72,(anonymous_8)
FN:73,(anonymous_9)
FNF:10
FNH:0
FNDA:0,HCaptcha
FNDA:0,(anonymous_1)
FNDA:0,(anonymous_2)
FNDA:0,(anonymous_3)
FNDA:0,(anonymous_4)
FNDA:0,(anonymous_5)
FNDA:0,(anonymous_6)
FNDA:0,(anonymous_7)
FNDA:0,(anonymous_8)
FNDA:0,(anonymous_9)
DA:22,0
DA:26,0
DA:27,0
DA:28,0
DA:30,0
DA:32,0
DA:34,0
DA:35,0
DA:40,0
DA:41,0
DA:43,0
DA:44,0
DA:45,0
DA:46,0
DA:49,0
DA:50,0
DA:51,0
DA:52,0
DA:53,0
DA:54,0
DA:56,0
DA:61,0
DA:62,0
DA:63,0
DA:64,0
DA:65,0
DA:67,0
DA:68,0
DA:72,0
DA:73,0
DA:75,0
DA:77,0
DA:81,0
DA:82,0
LF:34
LH:0
BRDA:23,0,0,0
BRDA:23,1,0,0
BRDA:28,2,0,0
BRDA:28,2,1,0
BRDA:30,3,0,0
BRDA:30,3,1,0
BRDA:34,4,0,0
BRDA:34,4,1,0
BRDA:34,5,0,0
BRDA:34,5,1,0
BRDA:41,6,0,0
BRDA:41,6,1,0
BRDA:44,7,0,0
BRDA:44,7,1,0
BRDA:62,8,0,0
BRDA:62,8,1,0
BRDA:63,9,0,0
BRDA:63,9,1,0
BRDA:63,10,0,0
BRDA:63,10,1,0
BRDA:64,11,0,0
BRDA:64,11,1,0
BRDA:65,12,0,0
BRDA:65,12,1,0
BRDA:81,13,0,0
BRDA:81,13,1,0
BRF:26
BRH:0
end_of_record
TN:
SF:src/components/Header.tsx
FN:15,(anonymous_0)
FN:36,(anonymous_1)
FN:39,(anonymous_2)
FN:40,(anonymous_3)
FN:44,(anonymous_4)
FN:49,(anonymous_5)
FN:56,(anonymous_6)
FN:69,(anonymous_7)
FN:79,(anonymous_8)
FN:87,(anonymous_9)
FN:93,(anonymous_10)
FN:100,(anonymous_11)
FN:101,(anonymous_12)
FN:109,(anonymous_13)
FN:194,(anonymous_14)
FN:208,(anonymous_15)
FN:224,(anonymous_16)
FN:301,(anonymous_17)
FN:317,(anonymous_18)
FN:333,(anonymous_19)
FN:334,(anonymous_20)
FN:345,(anonymous_21)
FN:348,(anonymous_22)
FN:352,(anonymous_23)
FN:355,(anonymous_24)
FN:358,(anonymous_25)
FN:365,(anonymous_26)
FN:384,(anonymous_27)
FN:404,(anonymous_28)
FN:413,(anonymous_29)
FN:426,(anonymous_30)
FN:433,(anonymous_31)
FN:446,(anonymous_32)
FN:451,(anonymous_33)
FNF:34
FNH:0
FNDA:0,(anonymous_0)
FNDA:0,(anonymous_1)
FNDA:0,(anonymous_2)
FNDA:0,(anonymous_3)
FNDA:0,(anonymous_4)
FNDA:0,(anonymous_5)
FNDA:0,(anonymous_6)
FNDA:0,(anonymous_7)
FNDA:0,(anonymous_8)
FNDA:0,(anonymous_9)
FNDA:0,(anonymous_10)
FNDA:0,(anonymous_11)
FNDA:0,(anonymous_12)
FNDA:0,(anonymous_13)
FNDA:0,(anonymous_14)
FNDA:0,(anonymous_15)
FNDA:0,(anonymous_16)
FNDA:0,(anonymous_17)
FNDA:0,(anonymous_18)
FNDA:0,(anonymous_19)
FNDA:0,(anonymous_20)
FNDA:0,(anonymous_21)
FNDA:0,(anonymous_22)
FNDA:0,(anonymous_23)
FNDA:0,(anonymous_24)
FNDA:0,(anonymous_25)
FNDA:0,(anonymous_26)
FNDA:0,(anonymous_27)
FNDA:0,(anonymous_28)
FNDA:0,(anonymous_29)
FNDA:0,(anonymous_30)
FNDA:0,(anonymous_31)
FNDA:0,(anonymous_32)
FNDA:0,(anonymous_33)
DA:15,0
DA:16,0
DA:17,0
DA:18,0
DA:19,0
DA:20,0
DA:21,0
DA:22,0
DA:23,0
DA:24,0
DA:25,0
DA:26,0
DA:27,0
DA:30,0
DA:33,0
DA:36,0
DA:39,0
DA:40,0
DA:41,0
DA:43,0
DA:44,0
DA:49,0
DA:50,0
DA:51,0
DA:52,0
DA:56,0
DA:57,0
DA:58,0
DA:59,0
DA:60,0
DA:61,0
DA:62,0
DA:64,0
DA:65,0
DA:69,0
DA:70,0
DA:71,0
DA:72,0
DA:73,0
DA:74,0
DA:79,0
DA:80,0
DA:81,0
DA:87,0
DA:88,0
DA:89,0
DA:91,0
DA:93,0
DA:94,0
DA:99,0
DA:100,0
DA:101,0
DA:102,0
DA:103,0
DA:104,0
DA:108,0
DA:109,0
DA:110,0
DA:194,0
DA:208,0
DA:224,0
DA:301,0
DA:317,0
DA:333,0
DA:335,0
DA:336,0
DA:337,0
DA:345,0
DA:348,0
DA:352,0
DA:355,0
DA:358,0
DA:365,0
DA:384,0
DA:404,0
DA:413,0
DA:426,0
DA:434,0
DA:435,0
DA:446,0
DA:451,0
LF:81
LH:0
BRDA:19,0,0,0
BRDA:19,0,1,0
BRDA:19,1,0,0
BRDA:19,1,1,0
BRDA:33,2,0,0
BRDA:33,2,1,0
BRDA:51,3,0,0
BRDA:51,3,1,0
BRDA:57,4,0,0
BRDA:57,4,1,0
BRDA:70,5,0,0
BRDA:70,5,1,0
BRDA:72,6,0,0
BRDA:72,6,1,0
BRDA:80,7,0,0
BRDA:80,7,1,0
BRDA:80,8,0,0
BRDA:80,8,1,0
BRDA:88,9,0,0
BRDA:88,9,1,0
BRDA:102,10,0,0
BRDA:102,10,1,0
BRDA:102,11,0,0
BRDA:102,11,1,0
BRDA:102,11,2,0
BRDA:119,12,0,0
BRDA:119,12,1,0
BRDA:133,13,0,0
BRDA:133,13,1,0
BRDA:159,14,0,0
BRDA:159,14,1,0
BRDA:176,15,0,0
BRDA:176,15,1,0
BRDA:185,16,0,0
BRDA:185,16,1,0
BRDA:185,17,0,0
BRDA:185,17,1,0
BRDA:199,18,0,0
BRDA:199,18,1,0
BRDA:200,19,0,0
BRDA:200,19,1,0
BRDA:200,20,0,0
BRDA:200,20,1,0
BRDA:215,21,0,0
BRDA:215,21,1,0
BRDA:222,22,0,0
BRDA:222,22,1,0
BRDA:224,23,0,0
BRDA:224,23,1,0
BRDA:241,24,0,0
BRDA:241,24,1,0
BRDA:260,25,0,0
BRDA:260,25,1,0
BRDA:276,26,0,0
BRDA:276,26,1,0
BRDA:298,27,0,0
BRDA:298,27,1,0
BRDA:298,28,0,0
BRDA:298,28,1,0
BRDA:299,29,0,0
BRDA:299,29,1,0
BRDA:313,30,0,0
BRDA:313,30,1,0
BRDA:335,31,0,0
BRDA:335,31,1,0
BRDA:375,32,0,0
BRDA:375,32,1,0
BRDA:407,33,0,0
BRDA:407,33,1,0
BRDA:416,34,0,0
BRDA:416,34,1,0
BRDA:470,35,0,0
BRDA:470,35,1,0
BRF:73
BRH:0
end_of_record
TN:
SF:src/components/Hero.tsx
FN:11,(anonymous_0)
FN:24,(anonymous_1)
FN:25,(anonymous_2)
FN:39,(anonymous_3)
FN:43,(anonymous_4)
FN:65,(anonymous_5)
FN:82,(anonymous_6)
FN:85,(anonymous_7)
FN:91,(anonymous_8)
FN:133,(anonymous_9)
FN:134,(anonymous_10)
FN:135,(anonymous_11)
FN:139,(anonymous_12)
FNF:13
FNH:0
FNDA:0,(anonymous_0)
FNDA:0,(anonymous_1)
FNDA:0,(anonymous_2)
FNDA:0,(anonymous_3)
FNDA:0,(anonymous_4)
FNDA:0,(anonymous_5)
FNDA:0,(anonymous_6)
FNDA:0,(anonymous_7)
FNDA:0,(anonymous_8)
FNDA:0,(anonymous_9)
FNDA:0,(anonymous_10)
FNDA:0,(anonymous_11)
FNDA:0,(anonymous_12)
DA:11,0
DA:12,0
DA:13,0
DA:14,0
DA:15,0
DA:16,0
DA:17,0
DA:18,0
DA:19,0
DA:20,0
DA:21,0
DA:24,0
DA:25,0
DA:26,0
DA:27,0
DA:28,0
DA:29,0
DA:30,0
DA:32,0
DA:36,0
DA:37,0
DA:39,0
DA:43,0
DA:44,0
DA:46,0
DA:48,0
DA:50,0
DA:54,0
DA:65,0
DA:66,0
DA:69,0
DA:70,0
DA:71,0
DA:73,0
DA:74,0
DA:78,0
DA:79,0
DA:82,0
DA:85,0
DA:86,0
DA:87,0
DA:91,0
DA:92,0
DA:93,0
DA:95,0
DA:133,0
DA:134,0
DA:136,0
DA:138,0
DA:139,0
DA:140,0
LF:51
LH:0
BRDA:14,0,0,0
BRDA:14,0,1,0
BRDA:14,1,0,0
BRDA:14,1,1,0
BRDA:27,2,0,0
BRDA:27,2,1,0
BRDA:29,3,0,0
BRDA:29,3,1,0
BRDA:44,4,0,0
BRDA:44,4,1,0
BRDA:44,4,2,0
BRDA:70,5,0,0
BRDA:70,5,1,0
BRDA:73,6,0,0
BRDA:73,6,1,0
BRDA:73,7,0,0
BRDA:73,7,1,0
BRDA:78,8,0,0
BRDA:78,8,1,0
BRDA:86,9,0,0
BRDA:86,9,1,0
BRDA:92,10,0,0
BRDA:92,10,1,0
BRDA:129,11,0,0
BRDA:129,11,1,0
BRDA:129,12,0,0
BRDA:129,12,1,0
BRDA:129,13,0,0
BRDA:129,13,1,0
BRDA:130,14,0,0
BRDA:130,14,1,0
BRDA:138,15,0,0
BRDA:138,15,1,0
BRDA:146,16,0,0
BRDA:146,16,1,0
BRDA:146,17,0,0
BRDA:146,17,1,0
BRDA:182,18,0,0
BRDA:182,18,1,0
BRDA:184,19,0,0
BRDA:184,19,1,0
BRF:41
BRH:0
end_of_record
TN:
SF:src/components/InteriorChecklist.tsx
FN:67,(anonymous_0)
FN:79,(anonymous_1)
FN:87,(anonymous_2)
FN:138,(anonymous_3)
FN:144,(anonymous_4)
FN:148,(anonymous_5)
FN:154,(anonymous_6)
FN:158,(anonymous_7)
FN:170,(anonymous_8)
FN:269,(anonymous_9)
FNF:10
FNH:0
FNDA:0,(anonymous_0)
FNDA:0,(anonymous_1)
FNDA:0,(anonymous_2)
FNDA:0,(anonymous_3)
FNDA:0,(anonymous_4)
FNDA:0,(anonymous_5)
FNDA:0,(anonymous_6)
FNDA:0,(anonymous_7)
FNDA:0,(anonymous_8)
FNDA:0,(anonymous_9)
DA:32,0
DA:58,0
DA:67,0
DA:68,0
DA:70,0
DA:72,0
DA:74,0
DA:79,0
DA:87,0
DA:88,0
DA:89,0
DA:127,0
DA:129,0
DA:138,0
DA:140,0
DA:141,0
DA:144,0
DA:145,0
DA:148,0
DA:149,0
DA:150,0
DA:154,0
DA:155,0
DA:158,0
DA:159,0
DA:170,0
DA:171,0
DA:269,0
LF:28
LH:0
BRDA:68,0,0,0
BRDA:68,0,1,0
BRDA:68,0,2,0
BRDA:149,1,0,0
BRDA:149,1,1,0
BRDA:273,2,0,0
BRDA:273,2,1,0
BRF:7
BRH:0
end_of_record
TN:
SF:src/components/LanguageRedirect.tsx
FN:8,(anonymous_0)
FNF:1
FNH:0
FNDA:0,(anonymous_0)
DA:8,0
DA:9,0
DA:10,0
LF:3
LH:0
BRF:0
BRH:0
end_of_record
TN:
SF:src/components/LanguageSwitcher.tsx
FN:7,withLang
FN:17,(anonymous_1)
FN:24,(anonymous_2)
FN:31,(anonymous_3)
FNF:4
FNH:0
FNDA:0,withLang
FNDA:0,(anonymous_1)
FNDA:0,(anonymous_2)
FNDA:0,(anonymous_3)
DA:8,0
DA:9,0
DA:10,0
DA:12,0
DA:14,0
DA:17,0
DA:18,0
DA:19,0
DA:22,0
DA:24,0
DA:25,0
DA:26,0
DA:29,0
DA:31,0
DA:33,0
DA:36,0
DA:39,0
DA:40,0
LF:18
LH:0
BRDA:9,0,0,0
BRDA:9,0,1,0
BRDA:9,1,0,0
BRDA:9,1,1,0
BRDA:26,2,0,0
BRDA:26,2,1,0
BRDA:29,3,0,0
BRDA:29,3,1,0
BRDA:48,4,0,0
BRDA:48,4,1,0
BRDA:50,5,0,0
BRDA:50,5,1,0
BRF:12
BRH:0
end_of_record
TN:
SF:src/components/LanguageSync.tsx
FN:7,(anonymous_0)
FNF:1
FNH:0
FNDA:0,(anonymous_0)
DA:7,0
DA:8,0
DA:9,0
LF:3
LH:0
BRF:0
BRH:0
end_of_record
TN:
SF:src/components/ListingPreviewCard.tsx
FN:17,(anonymous_0)
FNF:1
FNH:0
FNDA:0,(anonymous_0)
DA:17,0
LF:1
LH:0
BRF:0
BRH:0
end_of_record
TN:
SF:src/components/MechanicalChecklistModal.tsx
FN:118,(anonymous_0)
FN:133,(anonymous_1)
FN:137,(anonymous_2)
FN:138,(anonymous_3)
FN:149,(anonymous_4)
FN:159,(anonymous_5)
FN:161,(anonymous_6)
FN:177,(anonymous_7)
FN:178,(anonymous_8)
FN:179,(anonymous_9)
FN:183,(anonymous_10)
FN:196,(anonymous_11)
FN:199,(anonymous_12)
FN:200,(anonymous_13)
FN:210,(anonymous_14)
FN:211,(anonymous_15)
FN:217,(anonymous_16)
FN:238,(anonymous_17)
FNF:18
FNH:0
FNDA:0,(anonymous_0)
FNDA:0,(anonymous_1)
FNDA:0,(anonymous_2)
FNDA:0,(anonymous_3)
FNDA:0,(anonymous_4)
FNDA:0,(anonymous_5)
FNDA:0,(anonymous_6)
FNDA:0,(anonymous_7)
FNDA:0,(anonymous_8)
FNDA:0,(anonymous_9)
FNDA:0,(anonymous_10)
FNDA:0,(anonymous_11)
FNDA:0,(anonymous_12)
FNDA:0,(anonymous_13)
FNDA:0,(anonymous_14)
FNDA:0,(anonymous_15)
FNDA:0,(anonymous_16)
FNDA:0,(anonymous_17)
DA:31,0
DA:38,0
DA:118,0
DA:127,0
DA:130,0
DA:131,0
DA:133,0
DA:134,0
DA:135,0
DA:137,0
DA:138,0
DA:139,0
DA:145,0
DA:146,0
DA:149,0
DA:154,0
DA:159,0
DA:160,0
DA:161,0
DA:162,0
DA:163,0
DA:166,0
DA:167,0
DA:168,0
DA:169,0
DA:170,0
DA:172,0
DA:173,0
DA:177,0
DA:178,0
DA:179,0
DA:180,0
DA:183,0
DA:184,0
DA:185,0
DA:190,0
DA:193,0
DA:196,0
DA:199,0
DA:200,0
DA:211,0
DA:212,0
DA:217,0
DA:238,0
LF:44
LH:0
BRDA:134,0,0,0
BRDA:134,0,1,0
BRDA:134,1,0,0
BRDA:134,1,1,0
BRDA:135,2,0,0
BRDA:135,2,1,0
BRDA:135,3,0,0
BRDA:135,3,1,0
BRDA:135,3,2,0
BRDA:139,4,0,0
BRDA:139,4,1,0
BRDA:146,5,0,0
BRDA:146,5,1,0
BRDA:160,6,0,0
BRDA:160,6,1,0
BRDA:167,7,0,0
BRDA:167,7,1,0
BRDA:168,8,0,0
BRDA:168,8,1,0
BRDA:169,9,0,0
BRDA:169,9,1,0
BRDA:178,10,0,0
BRDA:178,10,1,0
BRDA:179,11,0,0
BRDA:179,11,1,0
BRDA:193,12,0,0
BRDA:193,12,1,0
BRDA:196,13,0,0
BRDA:196,13,1,0
BRDA:204,14,0,0
BRDA:204,14,1,0
BRDA:211,15,0,0
BRDA:211,15,1,0
BRDA:220,16,0,0
BRDA:220,16,1,0
BRF:35
BRH:0
end_of_record
TN:
SF:src/components/MessageMenu.tsx
FN:32,MessageMenu
FN:47,(anonymous_1)
FN:63,(anonymous_2)
FN:94,(anonymous_3)
FN:148,(anonymous_4)
FN:158,(anonymous_5)
FNF:6
FNH:0
FNDA:0,MessageMenu
FNDA:0,(anonymous_1)
FNDA:0,(anonymous_2)
FNDA:0,(anonymous_3)
FNDA:0,(anonymous_4)
FNDA:0,(anonymous_5)
DA:38,0
DA:39,0
DA:40,0
DA:41,0
DA:42,0
DA:43,0
DA:45,0
DA:47,0
DA:48,0
DA:49,0
DA:50,0
DA:55,0
DA:63,0
DA:64,0
DA:66,0
DA:67,0
DA:68,0
DA:74,0
DA:76,0
DA:81,0
DA:83,0
DA:89,0
DA:90,0
DA:94,0
DA:95,0
DA:97,0
DA:98,0
DA:100,0
DA:110,0
DA:112,0
DA:117,0
DA:123,0
DA:124,0
DA:148,0
DA:158,0
LF:35
LH:0
BRDA:64,0,0,0
BRDA:64,0,1,0
BRDA:74,1,0,0
BRDA:74,1,1,0
BRDA:85,2,0,0
BRDA:85,2,1,0
BRDA:95,3,0,0
BRDA:95,3,1,0
BRDA:110,4,0,0
BRDA:110,4,1,0
BRDA:119,5,0,0
BRDA:119,5,1,0
BRDA:185,6,0,0
BRDA:185,6,1,0
BRDA:208,7,0,0
BRDA:208,7,1,0
BRF:16
BRH:0
end_of_record
TN:
SF:src/components/ModelsCombobox.tsx
FN:12,(anonymous_0)
FN:23,(anonymous_1)
FN:29,(anonymous_2)
FNF:3
FNH:0
FNDA:0,(anonymous_0)
FNDA:0,(anonymous_1)
FNDA:0,(anonymous_2)
DA:12,0
DA:20,0
DA:23,0
DA:29,0
LF:4
LH:0
BRDA:16,0,0,0
BRDA:20,1,0,0
BRDA:20,1,1,0
BRDA:38,2,0,0
BRDA:38,2,1,0
BRF:5
BRH:0
end_of_record
TN:
SF:src/components/MultiSelectFilter.tsx
FN:21,(anonymous_0)
FN:36,(anonymous_1)
FN:41,(anonymous_2)
FN:43,(anonymous_3)
FN:58,(anonymous_4)
FN:69,(anonymous_5)
FN:74,(anonymous_6)
FNF:7
FNH:0
FNDA:0,(anonymous_0)
FNDA:0,(anonymous_1)
FNDA:0,(anonymous_2)
FNDA:0,(anonymous_3)
FNDA:0,(anonymous_4)
FNDA:0,(anonymous_5)
FNDA:0,(anonymous_6)
DA:21,0
DA:31,0
DA:32,0
DA:33,0
DA:35,0
DA:37,0
DA:41,0
DA:42,0
DA:43,0
DA:45,0
DA:48,0
DA:58,0
DA:69,0
DA:74,0
DA:100,0
LF:15
LH:0
BRDA:26,0,0,0
BRDA:27,1,0,0
BRDA:28,2,0,0
BRDA:29,3,0,0
BRDA:35,4,0,0
BRDA:35,4,1,0
BRDA:42,5,0,0
BRDA:42,5,1,0
BRDA:59,6,0,0
BRDA:59,6,1,0
BRDA:64,7,0,0
BRDA:64,7,1,0
BRDA:68,8,0,0
BRDA:68,8,1,0
BRDA:79,9,0,0
BRDA:79,9,1,0
BRDA:83,10,0,0
BRDA:83,10,1,0
BRDA:92,11,0,0
BRDA:92,11,1,0
BRDA:100,12,0,0
BRDA:100,12,1,0
BRDA:102,13,0,0
BRDA:102,13,1,0
BRDA:104,14,0,0
BRDA:104,14,1,0
BRDA:106,15,0,0
BRDA:106,15,1,0
BRDA:121,16,0,0
BRDA:121,16,1,0
BRDA:126,17,0,0
BRDA:126,17,1,0
BRDA:131,18,0,0
BRDA:131,18,1,0
BRDA:135,19,0,0
BRDA:135,19,1,0
BRF:36
BRH:0
end_of_record
TN:
SF:src/components/PasswordChangeForm.tsx
FN:15,(anonymous_0)
FN:30,(anonymous_1)
FN:63,(anonymous_2)
FN:160,(anonymous_3)
FN:161,(anonymous_4)
FN:164,(anonymous_5)
FN:168,(anonymous_6)
FN:201,(anonymous_7)
FN:210,(anonymous_8)
FN:233,(anonymous_9)
FN:242,(anonymous_10)
FN:285,(anonymous_11)
FN:294,(anonymous_12)
FNF:13
FNH:0
FNDA:0,(anonymous_0)
FNDA:0,(anonymous_1)
FNDA:0,(anonymous_2)
FNDA:0,(anonymous_3)
FNDA:0,(anonymous_4)
FNDA:0,(anonymous_5)
FNDA:0,(anonymous_6)
FNDA:0,(anonymous_7)
FNDA:0,(anonymous_8)
FNDA:0,(anonymous_9)
FNDA:0,(anonymous_10)
FNDA:0,(anonymous_11)
FNDA:0,(anonymous_12)
DA:15,0
DA:16,0
DA:17,0
DA:18,0
DA:19,0
DA:20,0
DA:22,0
DA:28,0
DA:30,0
DA:31,0
DA:34,0
DA:35,0
DA:39,0
DA:40,0
DA:41,0
DA:42,0
DA:43,0
DA:44,0
DA:48,0
DA:49,0
DA:53,0
DA:54,0
DA:55,0
DA:56,0
DA:59,0
DA:60,0
DA:63,0
DA:64,0
DA:66,0
DA:69,0
DA:70,0
DA:71,0
DA:74,0
DA:75,0
DA:77,0
DA:78,0
DA:79,0
DA:84,0
DA:85,0
DA:97,0
DA:102,0
DA:103,0
DA:107,0
DA:110,0
DA:114,0
DA:116,0
DA:122,0
DA:127,0
DA:130,0
DA:133,0
DA:135,0
DA:138,0
DA:139,0
DA:140,0
DA:141,0
DA:142,0
DA:143,0
DA:144,0
DA:145,0
DA:146,0
DA:147,0
DA:150,0
DA:156,0
DA:160,0
DA:161,0
DA:163,0
DA:164,0
DA:168,0
DA:169,0
DA:170,0
DA:171,0
DA:172,0
DA:173,0
DA:174,0
DA:175,0
DA:178,0
DA:179,0
DA:180,0
DA:201,0
DA:210,0
DA:233,0
DA:242,0
DA:285,0
DA:294,0
LF:84
LH:0
BRDA:34,0,0,0
BRDA:34,0,1,0
BRDA:39,1,0,0
BRDA:39,1,1,0
BRDA:41,2,0,0
BRDA:41,2,1,0
BRDA:43,3,0,0
BRDA:43,3,1,0
BRDA:48,4,0,0
BRDA:48,4,1,0
BRDA:48,5,0,0
BRDA:48,5,1,0
BRDA:48,5,2,0
BRDA:53,6,0,0
BRDA:53,6,1,0
BRDA:55,7,0,0
BRDA:55,7,1,0
BRDA:66,8,0,0
BRDA:66,8,1,0
BRDA:69,9,0,0
BRDA:69,9,1,0
BRDA:78,10,0,0
BRDA:78,10,1,0
BRDA:86,11,0,0
BRDA:86,11,1,0
BRDA:87,12,0,0
BRDA:87,12,1,0
BRDA:102,13,0,0
BRDA:102,13,1,0
BRDA:114,14,0,0
BRDA:114,14,1,0
BRDA:135,15,0,0
BRDA:135,15,1,0
BRDA:135,16,0,0
BRDA:135,16,1,0
BRDA:135,16,2,0
BRDA:140,17,0,0
BRDA:140,17,1,0
BRDA:142,18,0,0
BRDA:142,18,1,0
BRDA:144,19,0,0
BRDA:144,19,1,0
BRDA:146,20,0,0
BRDA:146,20,1,0
BRDA:163,21,0,0
BRDA:163,21,1,0
BRDA:170,22,0,0
BRDA:170,22,1,0
BRDA:171,23,0,0
BRDA:171,23,1,0
BRDA:172,24,0,0
BRDA:172,24,1,0
BRDA:173,25,0,0
BRDA:173,25,1,0
BRDA:174,26,0,0
BRDA:174,26,1,0
BRDA:199,27,0,0
BRDA:199,27,1,0
BRDA:231,28,0,0
BRDA:231,28,1,0
BRDA:260,29,0,0
BRDA:260,29,1,0
BRDA:266,30,0,0
BRDA:266,30,1,0
BRDA:283,31,0,0
BRDA:283,31,1,0
BRDA:325,32,0,0
BRDA:325,32,1,0
BRDA:328,33,0,0
BRDA:328,33,1,0
BRF:70
BRH:0
end_of_record
TN:
SF:src/components/PhoneInput.tsx
FN:34,PhoneInput
FN:39,(anonymous_1)
FN:45,(anonymous_2)
FN:59,(anonymous_3)
FN:65,(anonymous_4)
FN:71,(anonymous_5)
FN:80,(anonymous_6)
FN:112,(anonymous_7)
FNF:8
FNH:0
FNDA:0,PhoneInput
FNDA:0,(anonymous_1)
FNDA:0,(anonymous_2)
FNDA:0,(anonymous_3)
FNDA:0,(anonymous_4)
FNDA:0,(anonymous_5)
FNDA:0,(anonymous_6)
FNDA:0,(anonymous_7)
DA:25,0
DA:35,0
DA:36,0
DA:37,0
DA:39,0
DA:40,0
DA:41,0
DA:42,0
DA:45,0
DA:46,0
DA:47,0
DA:48,0
DA:50,0
DA:51,0
DA:52,0
DA:54,0
DA:59,0
DA:60,0
DA:61,0
DA:62,0
DA:65,0
DA:66,0
DA:67,0
DA:68,0
DA:71,0
DA:72,0
DA:73,0
DA:74,0
DA:75,0
DA:77,0
DA:80,0
DA:112,0
LF:32
LH:0
BRDA:34,0,0,0
BRDA:40,1,0,0
BRDA:40,1,1,0
BRDA:46,2,0,0
BRDA:46,2,1,0
BRDA:50,3,0,0
BRDA:50,3,1,0
BRDA:73,4,0,0
BRDA:73,4,1,0
BRDA:93,5,0,0
BRDA:93,5,1,0
BRDA:118,6,0,0
BRDA:118,6,1,0
BRF:13
BRH:0
end_of_record
TN:
SF:src/components/PhoneInputMask.tsx
FN:12,PhoneInputMask
FN:13,(anonymous_1)
FN:51,(anonymous_2)
FNF:3
FNH:0
FNDA:0,PhoneInputMask
FNDA:0,(anonymous_1)
FNDA:0,(anonymous_2)
DA:13,0
DA:15,0
DA:18,0
DA:19,0
DA:20,0
DA:21,0
DA:22,0
DA:23,0
DA:27,0
DA:28,0
DA:29,0
DA:30,0
DA:31,0
DA:32,0
DA:36,0
DA:37,0
DA:38,0
DA:39,0
DA:40,0
DA:44,0
DA:45,0
DA:48,0
DA:51,0
DA:52,0
DA:53,0
LF:25
LH:0
BRDA:18,0,0,0
BRDA:18,0,1,0
BRDA:20,1,0,0
BRDA:20,1,1,0
BRDA:21,2,0,0
BRDA:21,2,1,0
BRDA:22,3,0,0
BRDA:22,3,1,0
BRDA:27,4,0,0
BRDA:27,4,1,0
BRDA:29,5,0,0
BRDA:29,5,1,0
BRDA:30,6,0,0
BRDA:30,6,1,0
BRDA:31,7,0,0
BRDA:31,7,1,0
BRDA:36,8,0,0
BRDA:36,8,1,0
BRDA:36,9,0,0
BRDA:36,9,1,0
BRDA:37,10,0,0
BRDA:37,10,1,0
BRDA:38,11,0,0
BRDA:38,11,1,0
BRDA:39,12,0,0
BRDA:39,12,1,0
BRDA:44,13,0,0
BRDA:44,13,1,0
BRDA:44,14,0,0
BRDA:44,14,1,0
BRDA:44,14,2,0
BRDA:44,14,3,0
BRF:32
BRH:0
end_of_record
TN:
SF:src/components/PhotoUploader.tsx
FN:26,getPathFromPublicUrl
FN:32,SortableThumb
FN:59,(anonymous_2)
FN:70,(anonymous_3)
FN:74,(anonymous_4)
FN:82,PhotoUploader
FN:88,(anonymous_6)
FN:91,(anonymous_7)
FN:95,(anonymous_8)
FN:103,(anonymous_9)
FN:107,(anonymous_10)
FN:112,(anonymous_11)
FN:164,(anonymous_12)
FN:171,(anonymous_13)
FN:172,(anonymous_14)
FN:182,(anonymous_15)
FN:182,(anonymous_16)
FN:186,(anonymous_17)
FN:187,(anonymous_18)
FN:190,(anonymous_19)
FN:195,(anonymous_20)
FN:195,(anonymous_21)
FN:198,(anonymous_22)
FN:201,(anonymous_23)
FN:202,(anonymous_24)
FN:203,(anonymous_25)
FN:221,(anonymous_26)
FNF:27
FNH:0
FNDA:0,getPathFromPublicUrl
FNDA:0,SortableThumb
FNDA:0,(anonymous_2)
FNDA:0,(anonymous_3)
FNDA:0,(anonymous_4)
FNDA:0,PhotoUploader
FNDA:0,(anonymous_6)
FNDA:0,(anonymous_7)
FNDA:0,(anonymous_8)
FNDA:0,(anonymous_9)
FNDA:0,(anonymous_10)
FNDA:0,(anonymous_11)
FNDA:0,(anonymous_12)
FNDA:0,(anonymous_13)
FNDA:0,(anonymous_14)
FNDA:0,(anonymous_15)
FNDA:0,(anonymous_16)
FNDA:0,(anonymous_17)
FNDA:0,(anonymous_18)
FNDA:0,(anonymous_19)
FNDA:0,(anonymous_20)
FNDA:0,(anonymous_21)
FNDA:0,(anonymous_22)
FNDA:0,(anonymous_23)
FNDA:0,(anonymous_24)
FNDA:0,(anonymous_25)
FNDA:0,(anonymous_26)
DA:24,0
DA:27,0
DA:28,0
DA:29,0
DA:33,0
DA:34,0
DA:39,0
DA:40,0
DA:42,0
DA:59,0
DA:70,0
DA:74,0
DA:83,0
DA:84,0
DA:85,0
DA:88,0
DA:89,0
DA:90,0
DA:92,0
DA:93,0
DA:95,0
DA:100,0
DA:101,0
DA:103,0
DA:104,0
DA:107,0
DA:108,0
DA:109,0
DA:110,0
DA:112,0
DA:113,0
DA:114,0
DA:115,0
DA:118,0
DA:120,0
DA:123,0
DA:124,0
DA:125,0
DA:131,0
DA:138,0
DA:140,0
DA:141,0
DA:148,0
DA:151,0
DA:152,0
DA:153,0
DA:154,0
DA:155,0
DA:156,0
DA:158,0
DA:159,0
DA:160,0
DA:161,0
DA:162,0
DA:164,0
DA:169,0
DA:171,0
DA:172,0
DA:173,0
DA:174,0
DA:175,0
DA:176,0
DA:178,0
DA:179,0
DA:180,0
DA:182,0
DA:186,0
DA:187,0
DA:188,0
DA:190,0
DA:191,0
DA:192,0
DA:194,0
DA:195,0
DA:198,0
DA:199,0
DA:200,0
DA:201,0
DA:202,0
DA:203,0
DA:204,0
DA:206,0
DA:207,0
DA:221,0
LF:84
LH:0
BRDA:28,0,0,0
BRDA:28,0,1,0
BRDA:42,1,0,0
BRDA:42,1,1,0
BRDA:48,2,0,0
BRDA:48,2,1,0
BRDA:89,3,0,0
BRDA:89,3,1,0
BRDA:92,4,0,0
BRDA:92,4,1,0
BRDA:95,5,0,0
BRDA:95,5,1,0
BRDA:104,6,0,0
BRDA:104,6,1,0
BRDA:108,7,0,0
BRDA:108,7,1,0
BRDA:113,8,0,0
BRDA:113,8,1,0
BRDA:118,9,0,0
BRDA:118,9,1,0
BRDA:124,10,0,0
BRDA:124,10,1,0
BRDA:143,11,0,0
BRDA:143,11,1,0
BRDA:153,12,0,0
BRDA:153,12,1,0
BRDA:154,13,0,0
BRDA:154,13,1,0
BRDA:159,14,0,0
BRDA:159,14,1,0
BRDA:161,15,0,0
BRDA:161,15,1,0
BRDA:173,16,0,0
BRDA:173,16,1,0
BRDA:175,17,0,0
BRDA:175,17,1,0
BRDA:179,18,0,0
BRDA:179,18,1,0
BRDA:188,19,0,0
BRDA:188,19,1,0
BRDA:191,20,0,0
BRDA:191,20,1,0
BRDA:200,21,0,0
BRDA:200,21,1,0
BRDA:200,22,0,0
BRDA:200,22,1,0
BRDA:213,23,0,0
BRDA:213,23,1,0
BRF:48
BRH:0
end_of_record
TN:
SF:src/components/ProfileAvatar.tsx
FN:21,(anonymous_0)
FN:41,(anonymous_1)
FN:45,(anonymous_2)
FN:51,(anonymous_3)
FN:156,(anonymous_4)
FN:197,(anonymous_5)
FN:204,(anonymous_6)
FNF:7
FNH:0
FNDA:0,(anonymous_0)
FNDA:0,(anonymous_1)
FNDA:0,(anonymous_2)
FNDA:0,(anonymous_3)
FNDA:0,(anonymous_4)
FNDA:0,(anonymous_5)
FNDA:0,(anonymous_6)
DA:21,0
DA:28,0
DA:29,0
DA:30,0
DA:31,0
DA:32,0
DA:34,0
DA:41,0
DA:42,0
DA:43,0
DA:45,0
DA:51,0
DA:52,0
DA:54,0
DA:55,0
DA:57,0
DA:58,0
DA:62,0
DA:63,0
DA:68,0
DA:69,0
DA:70,0
DA:76,0
DA:83,0
DA:85,0
DA:86,0
DA:93,0
DA:97,0
DA:98,0
DA:101,0
DA:102,0
DA:103,0
DA:104,0
DA:111,0
DA:119,0
DA:122,0
DA:126,0
DA:129,0
DA:134,0
DA:136,0
DA:137,0
DA:139,0
DA:145,0
DA:146,0
DA:152,0
DA:156,0
DA:157,0
DA:159,0
DA:160,0
DA:162,0
DA:163,0
DA:164,0
DA:170,0
DA:175,0
DA:177,0
DA:178,0
DA:180,0
DA:186,0
DA:187,0
DA:193,0
DA:197,0
DA:198,0
DA:199,0
DA:200,0
DA:204,0
DA:205,0
LF:66
LH:0
BRDA:25,0,0,0
BRDA:42,1,0,0
BRDA:42,1,1,0
BRDA:52,2,0,0
BRDA:52,2,1,0
BRDA:57,3,0,0
BRDA:57,3,1,0
BRDA:62,4,0,0
BRDA:62,4,1,0
BRDA:69,5,0,0
BRDA:69,5,1,0
BRDA:88,6,0,0
BRDA:88,6,1,0
BRDA:97,7,0,0
BRDA:97,7,1,0
BRDA:101,8,0,0
BRDA:101,8,1,0
BRDA:103,9,0,0
BRDA:103,9,1,0
BRDA:116,10,0,0
BRDA:116,10,1,0
BRDA:119,11,0,0
BRDA:119,11,1,0
BRDA:134,12,0,0
BRDA:134,12,1,0
BRDA:148,13,0,0
BRDA:148,13,1,0
BRDA:157,14,0,0
BRDA:157,14,1,0
BRDA:157,15,0,0
BRDA:157,15,1,0
BRDA:163,16,0,0
BRDA:163,16,1,0
BRDA:175,17,0,0
BRDA:175,17,1,0
BRDA:189,18,0,0
BRDA:189,18,1,0
BRDA:199,19,0,0
BRDA:199,19,1,0
BRDA:215,20,0,0
BRDA:215,20,1,0
BRDA:216,21,0,0
BRDA:216,21,1,0
BRDA:236,22,0,0
BRDA:236,22,1,0
BRDA:252,23,0,0
BRDA:252,23,1,0
BRF:47
BRH:0
end_of_record
TN:
SF:src/components/ProtectedRoute.tsx
FN:9,(anonymous_0)
FN:13,(anonymous_1)
FNF:2
FNH:0
FNDA:0,(anonymous_0)
FNDA:0,(anonymous_1)
DA:9,0
DA:10,0
DA:11,0
DA:13,0
DA:14,0
DA:15,0
DA:19,0
DA:27,0
DA:28,0
LF:9
LH:0
BRDA:14,0,0,0
BRDA:14,0,1,0
BRDA:14,1,0,0
BRDA:14,1,1,0
BRDA:19,2,0,0
BRDA:19,2,1,0
BRDA:27,3,0,0
BRDA:27,3,1,0
BRF:8
BRH:0
end_of_record
TN:
SF:src/components/RangeFilter.tsx
FN:18,(anonymous_0)
FN:31,(anonymous_1)
FN:32,(anonymous_2)
FN:36,(anonymous_3)
FN:70,(anonymous_4)
FNF:5
FNH:0
FNDA:0,(anonymous_0)
FNDA:0,(anonymous_1)
FNDA:0,(anonymous_2)
FNDA:0,(anonymous_3)
FNDA:0,(anonymous_4)
DA:18,0
DA:29,0
DA:31,0
DA:32,0
DA:33,0
DA:36,0
DA:37,0
DA:38,0
DA:39,0
DA:40,0
DA:41,0
DA:70,0
LF:12
LH:0
BRDA:23,0,0,0
BRDA:26,1,0,0
BRDA:27,2,0,0
BRDA:32,3,0,0
BRDA:32,3,1,0
BRDA:37,4,0,0
BRDA:37,4,1,0
BRDA:37,5,0,0
BRDA:37,5,1,0
BRDA:39,6,0,0
BRDA:39,6,1,0
BRDA:39,7,0,0
BRDA:39,7,1,0
BRDA:45,8,0,0
BRDA:45,8,1,0
BRDA:47,9,0,0
BRDA:47,9,1,0
BRDA:48,10,0,0
BRDA:48,10,1,0
BRDA:58,11,0,0
BRDA:58,11,1,0
BRDA:69,12,0,0
BRDA:69,12,1,0
BRF:23
BRH:0
end_of_record
TN:
SF:src/components/RealtimeChat.tsx
FN:25,RealtimeChat
FN:39,(anonymous_1)
FN:50,(anonymous_2)
FN:68,(anonymous_3)
FN:73,(anonymous_4)
FN:88,(anonymous_5)
FN:99,(anonymous_6)
FN:137,(anonymous_7)
FN:151,(anonymous_8)
FN:152,(anonymous_9)
FN:162,(anonymous_10)
FN:194,(anonymous_11)
FN:239,(anonymous_12)
FN:273,(anonymous_13)
FN:283,(anonymous_14)
FN:350,(anonymous_15)
FN:436,(anonymous_16)
FN:476,(anonymous_17)
FN:478,(anonymous_18)
FNF:19
FNH:0
FNDA:0,RealtimeChat
FNDA:0,(anonymous_1)
FNDA:0,(anonymous_2)
FNDA:0,(anonymous_3)
FNDA:0,(anonymous_4)
FNDA:0,(anonymous_5)
FNDA:0,(anonymous_6)
FNDA:0,(anonymous_7)
FNDA:0,(anonymous_8)
FNDA:0,(anonymous_9)
FNDA:0,(anonymous_10)
FNDA:0,(anonymous_11)
FNDA:0,(anonymous_12)
FNDA:0,(anonymous_13)
FNDA:0,(anonymous_14)
FNDA:0,(anonymous_15)
FNDA:0,(anonymous_16)
FNDA:0,(anonymous_17)
FNDA:0,(anonymous_18)
DA:26,0
DA:27,0
DA:28,0
DA:31,0
DA:32,0
DA:33,0
DA:34,0
DA:35,0
DA:36,0
DA:39,0
DA:40,0
DA:41,0
DA:42,0
DA:43,0
DA:45,0
DA:46,0
DA:47,0
DA:50,0
DA:51,0
DA:52,0
DA:65,0
DA:68,0
DA:69,0
DA:73,0
DA:74,0
DA:76,0
DA:78,0
DA:79,0
DA:83,0
DA:84,0
DA:88,0
DA:89,0
DA:93,0
DA:94,0
DA:99,0
DA:100,0
DA:102,0
DA:103,0
DA:105,0
DA:113,0
DA:114,0
DA:122,0
DA:123,0
DA:124,0
DA:128,0
DA:129,0
DA:130,0
DA:133,0
DA:137,0
DA:138,0
DA:140,0
DA:141,0
DA:142,0
DA:144,0
DA:145,0
DA:146,0
DA:151,0
DA:152,0
DA:153,0
DA:157,0
DA:159,0
DA:164,0
DA:165,0
DA:170,0
DA:173,0
DA:175,0
DA:176,0
DA:178,0
DA:194,0
DA:240,0
DA:241,0
DA:242,0
DA:273,0
DA:284,0
DA:285,0
DA:350,0
DA:437,0
DA:438,0
DA:476,0
DA:478,0
LF:80
LH:0
BRDA:40,0,0,0
BRDA:40,0,1,0
BRDA:46,1,0,0
BRDA:46,1,1,0
BRDA:76,2,0,0
BRDA:76,2,1,0
BRDA:78,3,0,0
BRDA:78,3,1,0
BRDA:83,4,0,0
BRDA:83,4,1,0
BRDA:83,5,0,0
BRDA:83,5,1,0
BRDA:93,6,0,0
BRDA:93,6,1,0
BRDA:93,7,0,0
BRDA:93,7,1,0
BRDA:100,8,0,0
BRDA:100,8,1,0
BRDA:100,9,0,0
BRDA:100,9,1,0
BRDA:100,9,2,0
BRDA:113,10,0,0
BRDA:113,10,1,0
BRDA:122,11,0,0
BRDA:122,11,1,0
BRDA:138,12,0,0
BRDA:138,12,1,0
BRDA:138,13,0,0
BRDA:138,13,1,0
BRDA:141,14,0,0
BRDA:141,14,1,0
BRDA:145,15,0,0
BRDA:145,15,1,0
BRDA:159,16,0,0
BRDA:159,16,1,0
BRDA:159,17,0,0
BRDA:159,17,1,0
BRDA:159,17,2,0
BRDA:164,18,0,0
BRDA:164,18,1,0
BRDA:175,19,0,0
BRDA:175,19,1,0
BRDA:185,20,0,0
BRDA:185,20,1,0
BRDA:195,21,0,0
BRDA:195,21,1,0
BRDA:197,22,0,0
BRDA:197,22,1,0
BRDA:204,23,0,0
BRDA:204,23,1,0
BRDA:217,24,0,0
BRDA:217,24,1,0
BRDA:222,25,0,0
BRDA:222,25,1,0
BRDA:255,26,0,0
BRDA:255,26,1,0
BRDA:255,26,2,0
BRDA:289,27,0,0
BRDA:289,27,1,0
BRDA:297,28,0,0
BRDA:297,28,1,0
BRDA:299,29,0,0
BRDA:299,29,1,0
BRDA:313,30,0,0
BRDA:313,30,1,0
BRDA:341,31,0,0
BRDA:341,31,1,0
BRDA:356,32,0,0
BRDA:356,32,1,0
BRDA:358,33,0,0
BRDA:358,33,1,0
BRDA:388,34,0,0
BRDA:388,34,1,0
BRDA:394,35,0,0
BRDA:394,35,1,0
BRDA:396,36,0,0
BRDA:396,36,1,0
BRDA:404,37,0,0
BRDA:404,37,1,0
BRDA:430,38,0,0
BRDA:430,38,1,0
BRDA:437,39,0,0
BRDA:437,39,1,0
BRDA:453,40,0,0
BRDA:453,40,1,0
BRDA:478,41,0,0
BRDA:478,41,1,0
BRDA:478,41,2,0
BRF:88
BRH:0
end_of_record
TN:
SF:src/components/SEOHead.tsx
FN:15,(anonymous_0)
FNF:1
FNH:0
FNDA:0,(anonymous_0)
DA:15,0
DA:24,0
DA:25,0
DA:26,0
DA:27,0
DA:28,0
DA:29,0
DA:30,0
DA:31,0
LF:9
LH:0
BRDA:16,0,0,0
BRDA:17,1,0,0
BRDA:18,2,0,0
BRDA:19,3,0,0
BRDA:20,4,0,0
BRDA:21,5,0,0
BRDA:22,6,0,0
BRDA:24,7,0,0
BRDA:24,7,1,0
BRDA:28,8,0,0
BRDA:28,8,1,0
BRDA:69,9,0,0
BRDA:69,9,1,0
BRF:13
BRH:0
end_of_record
TN:
SF:src/components/ScrollToTop.tsx
FN:8,(anonymous_0)
FN:11,(anonymous_1)
FN:13,(anonymous_2)
FN:29,(anonymous_3)
FNF:4
FNH:0
FNDA:0,(anonymous_0)
FNDA:0,(anonymous_1)
FNDA:0,(anonymous_2)
FNDA:0,(anonymous_3)
DA:8,0
DA:9,0
DA:11,0
DA:13,0
DA:14,0
DA:15,0
DA:22,0
DA:27,0
DA:29,0
DA:32,0
LF:10
LH:0
BRDA:8,0,0,0
BRDA:14,1,0,0
BRDA:14,1,1,0
BRF:3
BRH:0
end_of_record
TN:
SF:src/components/SellerActionCard.tsx
FN:43,(anonymous_0)
FN:77,(anonymous_1)
FN:78,(anonymous_2)
FN:116,(anonymous_3)
FN:120,(anonymous_4)
FN:126,(anonymous_5)
FN:130,(anonymous_6)
FN:144,(anonymous_7)
FN:160,(anonymous_8)
FN:174,(anonymous_9)
FN:300,(anonymous_10)
FNF:11
FNH:0
FNDA:0,(anonymous_0)
FNDA:0,(anonymous_1)
FNDA:0,(anonymous_2)
FNDA:0,(anonymous_3)
FNDA:0,(anonymous_4)
FNDA:0,(anonymous_5)
FNDA:0,(anonymous_6)
FNDA:0,(anonymous_7)
FNDA:0,(anonymous_8)
FNDA:0,(anonymous_9)
FNDA:0,(anonymous_10)
DA:43,0
DA:59,0
DA:60,0
DA:61,0
DA:62,0
DA:64,0
DA:75,0
DA:77,0
DA:78,0
DA:79,0
DA:81,0
DA:82,0
DA:88,0
DA:91,0
DA:95,0
DA:96,0
DA:98,0
DA:109,0
DA:113,0
DA:116,0
DA:117,0
DA:118,0
DA:120,0
DA:126,0
DA:127,0
DA:130,0
DA:131,0
DA:132,0
DA:136,0
DA:137,0
DA:140,0
DA:141,0
DA:144,0
DA:145,0
DA:146,0
DA:150,0
DA:151,0
DA:154,0
DA:155,0
DA:156,0
DA:157,0
DA:160,0
DA:161,0
DA:162,0
DA:166,0
DA:167,0
DA:170,0
DA:171,0
DA:174,0
DA:175,0
DA:176,0
DA:178,0
DA:179,0
DA:180,0
DA:185,0
DA:187,0
DA:188,0
DA:192,0
DA:195,0
DA:300,0
LF:60
LH:0
BRDA:62,0,0,0
BRDA:62,0,1,0
BRDA:62,1,0,0
BRDA:62,1,1,0
BRDA:79,2,0,0
BRDA:79,2,1,0
BRDA:88,3,0,0
BRDA:88,3,1,0
BRDA:99,4,0,0
BRDA:99,4,1,0
BRDA:102,5,0,0
BRDA:102,5,1,0
BRDA:117,6,0,0
BRDA:117,6,1,0
BRDA:131,7,0,0
BRDA:131,7,1,0
BRDA:145,8,0,0
BRDA:145,8,1,0
BRDA:155,9,0,0
BRDA:155,9,1,0
BRDA:161,10,0,0
BRDA:161,10,1,0
BRDA:179,11,0,0
BRDA:179,11,1,0
BRDA:205,12,0,0
BRDA:205,12,1,0
BRDA:207,13,0,0
BRDA:207,13,1,0
BRDA:213,14,0,0
BRDA:213,14,1,0
BRDA:213,15,0,0
BRDA:213,15,1,0
BRDA:222,16,0,0
BRDA:222,16,1,0
BRDA:227,17,0,0
BRDA:227,17,1,0
BRDA:313,18,0,0
BRDA:313,18,1,0
BRDA:316,19,0,0
BRDA:316,19,1,0
BRDA:317,20,0,0
BRDA:317,20,1,0
BRF:42
BRH:0
end_of_record
TN:
SF:src/components/ServiceHistoryTimeline.tsx
FN:27,(anonymous_0)
FN:40,(anonymous_1)
FN:49,(anonymous_2)
FN:49,(anonymous_3)
FN:51,(anonymous_4)
FN:59,(anonymous_5)
FN:60,(anonymous_6)
FN:63,(anonymous_7)
FN:75,(anonymous_8)
FN:107,(anonymous_9)
FN:109,(anonymous_10)
FN:122,(anonymous_11)
FN:126,(anonymous_12)
FN:136,(anonymous_13)
FN:141,(anonymous_14)
FN:145,(anonymous_15)
FN:163,(anonymous_16)
FN:164,(anonymous_17)
FN:215,(anonymous_18)
FN:218,(anonymous_19)
FNF:20
FNH:0
FNDA:0,(anonymous_0)
[...]
BRDA:100,6,1,0
BRDA:101,7,0,0
BRDA:101,7,1,0
BRDA:102,8,0,0
BRDA:102,8,1,0
BRDA:104,9,0,0
BRDA:104,9,1,0
BRDA:116,10,0,0
BRDA:116,10,1,0
BRDA:118,11,0,0
BRDA:118,11,1,0
BRDA:123,12,0,0
BRDA:123,12,1,0
BRDA:124,13,0,0
BRDA:124,13,1,0
BRDA:130,14,0,0
BRDA:130,14,1,0
BRDA:139,15,0,0
BRDA:139,15,1,0
BRDA:140,16,0,0
BRDA:140,16,1,0
BRDA:141,17,0,0
BRDA:141,17,1,0
BRDA:146,18,0,0
BRDA:146,18,1,0
BRDA:176,19,0,0
BRDA:179,20,0,0
BRDA:179,20,1,0
BRDA:191,21,0,0
BRDA:191,21,1,0
BRDA:194,22,0,0
BRDA:194,22,1,0
BRDA:198,23,0,0
BRDA:198,23,1,0
BRDA:202,24,0,0
BRDA:202,24,1,0
BRDA:205,25,0,0
BRDA:205,25,1,0
BRDA:207,26,0,0
BRDA:207,26,1,0
BRDA:211,27,0,0
BRDA:211,27,1,0
BRDA:214,28,0,0
BRDA:214,28,1,0
BRDA:219,29,0,0
BRDA:219,29,1,0
BRDA:245,30,0,0
BRDA:245,30,1,0
BRDA:256,31,0,0
BRDA:256,31,1,0
BRDA:263,32,0,0
BRDA:263,32,1,0
BRDA:270,33,0,0
BRDA:270,33,1,0
BRDA:277,34,0,0
BRDA:277,34,1,0
BRDA:297,35,0,0
BRDA:297,35,1,0
BRDA:307,36,0,0
BRDA:307,36,1,0
BRDA:317,37,0,0
BRDA:317,37,1,0
BRDA:322,38,0,0
BRDA:322,38,1,0
BRDA:323,39,0,0
BRDA:323,39,1,0
BRDA:333,40,0,0
BRDA:333,40,1,0
BRDA:345,41,0,0
BRDA:345,41,1,0
BRDA:348,42,0,0
BRDA:348,42,1,0
BRDA:354,43,0,0
BRDA:354,43,1,0
BRDA:371,44,0,0
BRDA:371,44,1,0
BRDA:372,45,0,0
BRDA:372,45,1,0
BRDA:383,46,0,0
BRDA:383,46,1,0
BRDA:396,47,0,0
BRDA:396,47,1,0
BRDA:397,48,0,0
BRDA:397,48,1,0
BRDA:400,49,0,0
BRDA:400,49,1,0
BRDA:419,50,0,0
BRDA:419,50,1,0
BRF:100
BRH:0
end_of_record
TN:
SF:src/utils/adminApi.ts
FN:14,(anonymous_0)
FN:40,(anonymous_1)
FN:61,(anonymous_2)
FN:96,(anonymous_3)
FN:131,(anonymous_4)
FN:148,(anonymous_5)
FN:170,(anonymous_6)
FN:193,(anonymous_7)
FN:220,(anonymous_8)
FN:247,(anonymous_9)
FN:278,(anonymous_10)
FN:307,(anonymous_11)
FN:333,(anonymous_12)
FN:363,(anonymous_13)
FN:402,(anonymous_14)
FN:429,(anonymous_15)
FN:456,(anonymous_16)
FN:489,(anonymous_17)
FN:521,(anonymous_18)
FN:556,(anonymous_19)
FN:583,(anonymous_20)
FN:607,(anonymous_21)
FN:629,(anonymous_22)
FN:651,(anonymous_23)
FN:674,(anonymous_24)
FN:694,(anonymous_25)
FN:717,(anonymous_26)
FN:738,(anonymous_27)
FNF:28
FNH:0
FNDA:0,(anonymous_0)
FNDA:0,(anonymous_1)
FNDA:0,(anonymous_2)
FNDA:0,(anonymous_3)
FNDA:0,(anonymous_4)
FNDA:0,(anonymous_5)
FNDA:0,(anonymous_6)
FNDA:0,(anonymous_7)
FNDA:0,(anonymous_8)
FNDA:0,(anonymous_9)
FNDA:0,(anonymous_10)
FNDA:0,(anonymous_11)
FNDA:0,(anonymous_12)
FNDA:0,(anonymous_13)
FNDA:0,(anonymous_14)
FNDA:0,(anonymous_15)
FNDA:0,(anonymous_16)
FNDA:0,(anonymous_17)
FNDA:0,(anonymous_18)
FNDA:0,(anonymous_19)
FNDA:0,(anonymous_20)
FNDA:0,(anonymous_21)
FNDA:0,(anonymous_22)
FNDA:0,(anonymous_23)
FNDA:0,(anonymous_24)
FNDA:0,(anonymous_25)
FNDA:0,(anonymous_26)
FNDA:0,(anonymous_27)
DA:15,0
DA:16,0
DA:25,0
DA:26,0
DA:27,0
DA:30,0
DA:32,0
DA:33,0
DA:41,0
DA:42,0
DA:46,0
DA:47,0
DA:48,0
DA:51,0
DA:53,0
DA:54,0
DA:66,0
DA:67,0
DA:77,0
DA:78,0
DA:79,0
DA:82,0
DA:83,0
DA:86,0
DA:88,0
DA:89,0
DA:103,0
DA:104,0
DA:112,0
DA:113,0
DA:114,0
DA:117,0
DA:118,0
DA:121,0
DA:123,0
DA:124,0
DA:132,0
DA:133,0
DA:134,0
DA:137,0
DA:138,0
DA:139,0
DA:141,0
DA:149,0
DA:151,0
DA:155,0
DA:156,0
DA:157,0
DA:160,0
DA:162,0
DA:163,0
DA:171,0
DA:172,0
DA:174,0
DA:178,0
DA:179,0
DA:180,0
DA:183,0
DA:185,0
DA:186,0
DA:194,0
DA:195,0
DA:196,0
DA:201,0
DA:202,0
DA:203,0
DA:206,0
DA:207,0
DA:210,0
DA:212,0
DA:213,0
DA:225,0
DA:226,0
DA:232,0
DA:233,0
DA:234,0
DA:237,0
DA:239,0
DA:240,0
DA:254,0
DA:255,0
DA:263,0
DA:264,0
DA:265,0
DA:268,0
DA:270,0
DA:271,0
DA:284,0
DA:285,0
DA:292,0
DA:293,0
DA:294,0
DA:297,0
DA:299,0
DA:300,0
DA:311,0
DA:312,0
DA:317,0
DA:318,0
DA:319,0
DA:322,0
DA:324,0
DA:325,0
DA:334,0
DA:335,0
DA:336,0
DA:337,0
DA:339,0
DA:340,0
DA:341,0
DA:342,0
DA:343,0
DA:345,0
DA:349,0
DA:355,0
DA:356,0
DA:371,0
DA:372,0
DA:381,0
DA:383,0
DA:385,0
DA:387,0
DA:388,0
DA:389,0
DA:392,0
DA:394,0
DA:395,0
DA:407,0
DA:408,0
DA:414,0
DA:415,0
DA:416,0
DA:419,0
DA:421,0
DA:422,0
DA:434,0
DA:435,0
DA:441,0
DA:442,0
DA:443,0
DA:446,0
DA:448,0
DA:449,0
DA:461,0
DA:462,0
DA:463,0
DA:470,0
DA:471,0
DA:472,0
DA:475,0
DA:476,0
DA:479,0
DA:481,0
DA:482,0
DA:493,0
DA:494,0
DA:495,0
DA:501,0
DA:502,0
DA:503,0
DA:506,0
DA:507,0
DA:510,0
DA:512,0
DA:513,0
DA:527,0
DA:528,0
DA:529,0
DA:537,0
DA:538,0
DA:539,0
DA:542,0
DA:543,0
DA:546,0
DA:548,0
DA:549,0
DA:561,0
DA:562,0
DA:568,0
DA:569,0
DA:570,0
DA:573,0
DA:575,0
DA:576,0
DA:588,0
DA:589,0
DA:590,0
DA:596,0
DA:597,0
DA:598,0
DA:600,0
DA:611,0
DA:612,0
DA:613,0
DA:618,0
DA:619,0
DA:620,0
DA:622,0
DA:633,0
DA:634,0
DA:635,0
DA:640,0
DA:641,0
DA:642,0
DA:644,0
DA:655,0
DA:656,0
DA:657,0
DA:662,0
DA:663,0
DA:664,0
DA:666,0
DA:675,0
DA:676,0
DA:677,0
DA:683,0
DA:684,0
DA:685,0
DA:687,0
DA:695,0
DA:696,0
DA:697,0
DA:706,0
DA:707,0
DA:708,0
DA:710,0
DA:718,0
DA:719,0
DA:720,0
DA:727,0
DA:728,0
DA:729,0
DA:731,0
DA:739,0
DA:740,0
DA:741,0
DA:747,0
DA:748,0
DA:749,0
DA:751,0
LF:240
LH:0
BRDA:19,0,0,0
BRDA:19,0,1,0
BRDA:20,1,0,0
BRDA:20,1,1,0
BRDA:25,2,0,0
BRDA:25,2,1,0
BRDA:30,3,0,0
BRDA:30,3,1,0
BRDA:46,4,0,0
BRDA:46,4,1,0
BRDA:69,5,0,0
BRDA:69,5,1,0
BRDA:70,6,0,0
BRDA:70,6,1,0
BRDA:71,7,0,0
BRDA:71,7,1,0
BRDA:72,8,0,0
BRDA:72,8,1,0
BRDA:73,9,0,0
BRDA:73,9,1,0
BRDA:74,10,0,0
BRDA:74,10,1,0
BRDA:77,11,0,0
BRDA:77,11,1,0
BRDA:82,12,0,0
BRDA:82,12,1,0
BRDA:99,13,0,0
BRDA:106,14,0,0
BRDA:106,14,1,0
BRDA:109,15,0,0
BRDA:109,15,1,0
BRDA:112,16,0,0
BRDA:112,16,1,0
BRDA:117,17,0,0
BRDA:117,17,1,0
BRDA:137,18,0,0
BRDA:137,18,1,0
BRDA:138,19,0,0
BRDA:138,19,1,0
BRDA:138,20,0,0
BRDA:138,20,1,0
BRDA:155,21,0,0
BRDA:155,21,1,0
BRDA:178,22,0,0
BRDA:178,22,1,0
BRDA:201,23,0,0
BRDA:201,23,1,0
BRDA:203,24,0,0
BRDA:203,24,1,0
BRDA:206,25,0,0
BRDA:206,25,1,0
BRDA:206,26,0,0
BRDA:206,26,1,0
BRDA:207,27,0,0
BRDA:207,27,1,0
BRDA:222,28,0,0
BRDA:223,29,0,0
BRDA:232,30,0,0
BRDA:232,30,1,0
BRDA:237,31,0,0
BRDA:237,31,1,0
BRDA:251,32,0,0
BRDA:260,33,0,0
BRDA:260,33,1,0
BRDA:263,34,0,0
BRDA:263,34,1,0
BRDA:289,35,0,0
BRDA:289,35,1,0
BRDA:292,36,0,0
BRDA:292,36,1,0
BRDA:309,37,0,0
BRDA:313,38,0,0
BRDA:313,38,1,0
BRDA:317,39,0,0
BRDA:317,39,1,0
BRDA:341,40,0,0
BRDA:341,40,1,0
BRDA:343,41,0,0
BRDA:343,41,1,0
BRDA:373,42,0,0
BRDA:373,42,1,0
BRDA:374,43,0,0
BRDA:374,43,1,0
BRDA:374,44,0,0
BRDA:374,44,1,0
BRDA:375,45,0,0
BRDA:375,45,1,0
BRDA:376,46,0,0
BRDA:376,46,1,0
BRDA:377,47,0,0
BRDA:377,47,1,0
BRDA:378,48,0,0
BRDA:378,48,1,0
BRDA:381,49,0,0
BRDA:381,49,1,0
BRDA:385,50,0,0
BRDA:385,50,1,0
BRDA:387,51,0,0
BRDA:387,51,1,0
BRDA:392,52,0,0
BRDA:392,52,1,0
BRDA:409,53,0,0
BRDA:409,53,1,0
BRDA:410,54,0,0
BRDA:410,54,1,0
BRDA:410,55,0,0
BRDA:410,55,1,0
BRDA:411,56,0,0
BRDA:411,56,1,0
BRDA:414,57,0,0
BRDA:414,57,1,0
BRDA:419,58,0,0
BRDA:419,58,1,0
BRDA:431,59,0,0
BRDA:432,60,0,0
BRDA:441,61,0,0
BRDA:441,61,1,0
BRDA:446,62,0,0
BRDA:446,62,1,0
BRDA:467,63,0,0
BRDA:467,63,1,0
BRDA:470,64,0,0
BRDA:470,64,1,0
BRDA:475,65,0,0
BRDA:475,65,1,0
BRDA:475,66,0,0
BRDA:475,66,1,0
BRDA:476,67,0,0
BRDA:476,67,1,0
BRDA:479,68,0,0
BRDA:479,68,1,0
BRDA:498,69,0,0
BRDA:498,69,1,0
BRDA:501,70,0,0
BRDA:501,70,1,0
BRDA:506,71,0,0
BRDA:506,71,1,0
BRDA:506,72,0,0
BRDA:506,72,1,0
BRDA:507,73,0,0
BRDA:507,73,1,0
BRDA:510,74,0,0
BRDA:510,74,1,0
BRDA:533,75,0,0
BRDA:533,75,1,0
BRDA:534,76,0,0
BRDA:534,76,1,0
BRDA:537,77,0,0
BRDA:537,77,1,0
BRDA:542,78,0,0
BRDA:542,78,1,0
BRDA:565,79,0,0
BRDA:565,79,1,0
BRDA:568,80,0,0
BRDA:568,80,1,0
BRDA:593,81,0,0
BRDA:593,81,1,0
BRDA:594,82,0,0
BRDA:594,82,1,0
BRDA:596,83,0,0
BRDA:596,83,1,0
BRDA:597,84,0,0
BRDA:597,84,1,0
BRDA:597,85,0,0
BRDA:597,85,1,0
BRDA:598,86,0,0
BRDA:598,86,1,0
BRDA:616,87,0,0
BRDA:616,87,1,0
BRDA:618,88,0,0
BRDA:618,88,1,0
BRDA:619,89,0,0
BRDA:619,89,1,0
BRDA:619,90,0,0
BRDA:619,90,1,0
BRDA:620,91,0,0
BRDA:620,91,1,0
BRDA:638,92,0,0
BRDA:638,92,1,0
BRDA:640,93,0,0
BRDA:640,93,1,0
BRDA:641,94,0,0
BRDA:641,94,1,0
BRDA:641,95,0,0
BRDA:641,95,1,0
BRDA:642,96,0,0
BRDA:642,96,1,0
BRDA:660,97,0,0
BRDA:660,97,1,0
BRDA:662,98,0,0
BRDA:662,98,1,0
BRDA:663,99,0,0
BRDA:663,99,1,0
BRDA:663,100,0,0
BRDA:663,100,1,0
BRDA:664,101,0,0
BRDA:664,101,1,0
BRDA:681,102,0,0
BRDA:681,102,1,0
BRDA:683,103,0,0
BRDA:683,103,1,0
BRDA:684,104,0,0
BRDA:684,104,1,0
BRDA:684,105,0,0
BRDA:684,105,1,0
BRDA:700,106,0,0
BRDA:700,106,1,0
BRDA:701,107,0,0
BRDA:701,107,1,0
BRDA:702,108,0,0
BRDA:702,108,1,0
BRDA:703,109,0,0
BRDA:703,109,1,0
BRDA:704,110,0,0
BRDA:704,110,1,0
BRDA:706,111,0,0
BRDA:706,111,1,0
BRDA:707,112,0,0
BRDA:707,112,1,0
BRDA:707,113,0,0
BRDA:707,113,1,0
BRDA:723,114,0,0
BRDA:723,114,1,0
BRDA:724,115,0,0
BRDA:724,115,1,0
BRDA:725,116,0,0
BRDA:725,116,1,0
BRDA:727,117,0,0
BRDA:727,117,1,0
BRDA:728,118,0,0
BRDA:728,118,1,0
BRDA:728,119,0,0
BRDA:728,119,1,0
BRDA:745,120,0,0
BRDA:745,120,1,0
BRDA:747,121,0,0
BRDA:747,121,1,0
BRDA:748,122,0,0
BRDA:748,122,1,0
BRDA:748,123,0,0
BRDA:748,123,1,0
BRF:241
BRH:0
end_of_record
TN:
SF:src/utils/adminAuth.ts
FN:71,(anonymous_0)
FN:111,(anonymous_1)
FN:151,(anonymous_2)
FN:172,(anonymous_3)
FN:208,(anonymous_4)
FN:227,(anonymous_5)
FN:237,(anonymous_6)
FN:257,(anonymous_7)
FN:264,(anonymous_8)
FN:272,(anonymous_9)
FNF:10
FNH:0
FNDA:0,(anonymous_0)
FNDA:0,(anonymous_1)
FNDA:0,(anonymous_2)
FNDA:0,(anonymous_3)
FNDA:0,(anonymous_4)
FNDA:0,(anonymous_5)
FNDA:0,(anonymous_6)
FNDA:0,(anonymous_7)
FNDA:0,(anonymous_8)
FNDA:0,(anonymous_9)
DA:65,0
DA:66,0
DA:72,0
DA:73,0
DA:80,0
DA:81,0
DA:82,0
DA:85,0
DA:87,0
DA:88,0
DA:92,0
DA:94,0
DA:103,0
DA:104,0
DA:112,0
DA:114,0
DA:115,0
DA:118,0
DA:119,0
DA:123,0
DA:124,0
DA:125,0
DA:126,0
DA:129,0
DA:131,0
DA:132,0
DA:133,0
DA:136,0
DA:142,0
DA:143,0
DA:144,0
DA:152,0
DA:153,0
DA:154,0
DA:157,0
DA:158,0
DA:162,0
DA:165,0
DA:166,0
DA:176,0
DA:177,0
DA:178,0
DA:181,0
DA:182,0
DA:188,0
DA:189,0
DA:190,0
DA:193,0
DA:194,0
DA:200,0
DA:201,0
DA:209,0
DA:210,0
DA:212,0
DA:213,0
DA:214,0
DA:217,0
DA:219,0
DA:220,0
DA:228,0
DA:230,0
DA:231,0
DA:238,0
DA:239,0
DA:241,0
DA:242,0
DA:246,0
DA:247,0
DA:248,0
DA:251,0
DA:258,0
DA:265,0
DA:266,0
DA:273,0
LF:74
LH:0
BRDA:80,0,0,0
BRDA:80,0,1,0
BRDA:87,1,0,0
BRDA:87,1,1,0
BRDA:88,2,0,0
BRDA:88,2,1,0
BRDA:114,3,0,0
BRDA:114,3,1,0
BRDA:123,4,0,0
BRDA:123,4,1,0
BRDA:131,5,0,0
BRDA:131,5,1,0
BRDA:133,6,0,0
BRDA:133,6,1,0
BRDA:153,7,0,0
BRDA:153,7,1,0
BRDA:177,8,0,0
BRDA:177,8,1,0
BRDA:188,9,0,0
BRDA:188,9,1,0
BRDA:212,10,0,0
BRDA:212,10,1,0
BRDA:241,11,0,0
BRDA:241,11,1,0
BRDA:241,12,0,0
BRDA:241,12,1,0
BRDA:246,13,0,0
BRDA:246,13,1,0
BRF:28
BRH:0
end_of_record
TN:
SF:src/utils/adminSecurity.ts
FN:13,(anonymous_0)
FN:25,(anonymous_1)
FN:84,(anonymous_2)
FN:97,(anonymous_3)
FN:108,(anonymous_4)
FN:117,(anonymous_5)
FN:142,(anonymous_6)
FN:154,(anonymous_7)
FN:218,(anonymous_8)
FN:226,(anonymous_9)
FN:255,(anonymous_10)
FN:267,(anonymous_11)
FN:271,(anonymous_12)
FN:292,(anonymous_13)
FN:295,(anonymous_14)
FN:301,(anonymous_15)
FNF:16
FNH:0
FNDA:0,(anonymous_0)
FNDA:0,(anonymous_1)
FNDA:0,(anonymous_2)
FNDA:0,(anonymous_3)
FNDA:0,(anonymous_4)
FNDA:0,(anonymous_5)
FNDA:0,(anonymous_6)
FNDA:0,(anonymous_7)
FNDA:0,(anonymous_8)
FNDA:0,(anonymous_9)
FNDA:0,(anonymous_10)
FNDA:0,(anonymous_11)
FNDA:0,(anonymous_12)
FNDA:0,(anonymous_13)
FNDA:0,(anonymous_14)
FNDA:0,(anonymous_15)
DA:6,0
DA:7,0
DA:8,0
DA:14,0
DA:15,0
DA:16,0
DA:30,0
DA:31,0
DA:34,0
DA:35,0
DA:37,0
DA:41,0
DA:42,0
DA:44,0
DA:48,0
DA:49,0
DA:51,0
DA:55,0
DA:56,0
DA:58,0
DA:62,0
DA:63,0
DA:65,0
DA:69,0
DA:70,0
DA:71,0
DA:74,0
DA:85,0
DA:91,0
DA:98,0
DA:110,0
DA:111,0
DA:118,0
DA:119,0
DA:120,0
DA:121,0
DA:122,0
DA:123,0
DA:126,0
DA:136,0
DA:143,0
DA:144,0
DA:145,0
DA:148,0
DA:159,0
DA:160,0
DA:161,0
DA:163,0
DA:164,0
DA:169,0
DA:170,0
DA:177,0
DA:180,0
DA:181,0
DA:186,0
DA:187,0
DA:195,0
DA:196,0
DA:204,0
DA:205,0
DA:206,0
DA:208,0
DA:219,0
DA:220,0
DA:227,0
DA:237,0
DA:240,0
DA:241,0
DA:242,0
DA:244,0
DA:245,0
DA:246,0
DA:249,0
DA:259,0
DA:260,0
DA:263,0
DA:264,0
DA:265,0
DA:266,0
DA:268,0
DA:271,0
DA:272,0
DA:275,0
DA:276,0
DA:277,0
DA:282,0
DA:283,0
DA:286,0
DA:293,0
DA:294,0
DA:295,0
DA:302,0
LF:92
LH:0
BRDA:34,0,0,0
BRDA:34,0,1,0
BRDA:41,1,0,0
BRDA:41,1,1,0
BRDA:48,2,0,0
BRDA:48,2,1,0
BRDA:55,3,0,0
BRDA:55,3,1,0
BRDA:62,4,0,0
BRDA:62,4,1,0
BRDA:69,5,0,0
BRDA:69,5,1,0
BRDA:75,6,0,0
BRDA:75,6,1,0
BRDA:120,7,0,0
BRDA:120,7,1,0
BRDA:148,8,0,0
BRDA:148,8,1,0
BRDA:148,8,2,0
BRDA:148,8,3,0
BRDA:163,9,0,0
BRDA:163,9,1,0
BRDA:180,10,0,0
BRDA:180,10,1,0
BRDA:195,11,0,0
BRDA:195,11,1,0
BRDA:226,12,0,0
BRDA:242,13,0,0
BRDA:242,13,1,0
BRDA:245,14,0,0
BRDA:245,14,1,0
BRDA:265,15,0,0
BRDA:265,15,1,0
BRDA:275,16,0,0
BRDA:275,16,1,0
BRDA:282,17,0,0
BRDA:282,17,1,0
BRDA:302,18,0,0
BRDA:302,18,1,0
BRF:39
BRH:0
end_of_record
TN:
SF:src/utils/formatters.ts
FN:3,(anonymous_0)
FN:8,(anonymous_1)
FN:106,(anonymous_2)
FN:177,(anonymous_3)
FN:182,(anonymous_4)
FN:198,(anonymous_5)
FN:212,(anonymous_6)
FN:230,(anonymous_7)
FN:246,(anonymous_8)
FN:264,(anonymous_9)
FN:287,(anonymous_10)
FN:304,(anonymous_11)
FN:318,(anonymous_12)
FNF:13
FNH:13
FNDA:20,(anonymous_0)
FNDA:18,(anonymous_1)
FNDA:20,(anonymous_2)
FNDA:3,(anonymous_3)
FNDA:15,(anonymous_4)
FNDA:11,(anonymous_5)
FNDA:12,(anonymous_6)
FNDA:12,(anonymous_7)
FNDA:14,(anonymous_8)
FNDA:13,(anonymous_9)
FNDA:11,(anonymous_10)
FNDA:9,(anonymous_11)
FNDA:8,(anonymous_12)
DA:3,1
DA:4,20
DA:5,13
DA:8,1
DA:9,18
DA:11,14
DA:102,14
DA:103,14
DA:106,1
DA:107,20
DA:110,16
DA:176,16
DA:177,16
DA:178,3
DA:182,1
DA:183,15
DA:185,11
DA:198,11
DA:199,11
DA:205,11
DA:206,11
DA:209,1
DA:212,1
DA:213,12
DA:215,8
DA:226,8
DA:227,8
DA:230,1
DA:231,12
DA:233,8
DA:242,8
DA:243,8
DA:246,1
DA:247,14
DA:249,10
DA:260,10
DA:261,10
DA:264,1
DA:265,13
DA:267,9
DA:283,9
DA:284,9
DA:287,1
DA:288,11
DA:290,9
DA:300,9
DA:301,9
DA:304,1
DA:305,9
DA:307,7
DA:314,7
DA:315,7
DA:318,1
DA:319,8
DA:321,6
DA:322,6
DA:323,6
DA:324,6
DA:325,6
DA:328,6
DA:329,3
DA:337,3
DA:338,1
DA:346,2
DA:347,1
DA:355,1
LF:66
LH:66
BRDA:4,0,0,7
BRDA:4,0,1,13
BRDA:4,1,0,20
BRDA:4,1,1,17
BRDA:4,1,2,16
BRDA:9,2,0,4
BRDA:9,2,1,14
BRDA:9,3,0,18
BRDA:9,3,1,15
BRDA:9,3,2,15
BRDA:103,4,0,14
BRDA:103,4,1,1
BRDA:107,5,0,4
BRDA:107,5,1,16
BRDA:107,6,0,20
BRDA:107,6,1,17
BRDA:107,6,2,17
BRDA:177,7,0,16
BRDA:177,7,1,1
BRDA:183,8,0,4
BRDA:183,8,1,11
BRDA:183,9,0,15
BRDA:183,9,1,12
BRDA:183,9,2,12
BRDA:206,10,0,10
BRDA:206,10,1,1
BRDA:209,11,0,1
BRDA:209,11,1,0
BRDA:213,12,0,4
BRDA:213,12,1,8
BRDA:213,13,0,12
BRDA:213,13,1,9
BRDA:213,13,2,9
BRDA:227,14,0,8
BRDA:227,14,1,1
BRDA:231,15,0,4
BRDA:231,15,1,8
BRDA:231,16,0,12
BRDA:231,16,1,9
BRDA:231,16,2,9
BRDA:243,17,0,8
BRDA:243,17,1,1
BRDA:247,18,0,4
BRDA:247,18,1,10
BRDA:247,19,0,14
BRDA:247,19,1,11
BRDA:247,19,2,11
BRDA:261,20,0,10
BRDA:261,20,1,1
BRDA:265,21,0,4
BRDA:265,21,1,9
BRDA:265,22,0,13
BRDA:265,22,1,10
BRDA:265,22,2,10
BRDA:284,23,0,9
BRDA:284,23,1,1
BRDA:288,24,0,2
BRDA:288,24,1,9
BRDA:301,25,0,9
BRDA:301,25,1,1
BRDA:305,26,0,2
BRDA:305,26,1,7
BRDA:315,27,0,7
BRDA:315,27,1,1
BRDA:319,28,0,2
BRDA:319,28,1,6
BRDA:328,29,0,3
BRDA:328,29,1,3
BRDA:328,30,0,6
BRDA:328,30,1,3
BRDA:337,31,0,1
BRDA:337,31,1,2
BRDA:337,32,0,3
BRDA:337,32,1,1
BRDA:346,33,0,1
BRDA:346,33,1,1
BRF:76
BRH:75
end_of_record
TN:
SF:src/utils/generateSitemap.ts
FN:10,(anonymous_0)
FN:24,(anonymous_1)
FN:45,(anonymous_2)
FN:61,(anonymous_3)
FN:72,(anonymous_4)
FN:94,(anonymous_5)
FNF:6
FNH:0
FNDA:0,(anonymous_0)
FNDA:0,(anonymous_1)
FNDA:0,(anonymous_2)
FNDA:0,(anonymous_3)
FNDA:0,(anonymous_4)
FNDA:0,(anonymous_5)
DA:10,0
DA:11,0
DA:12,0
DA:15,0
DA:24,0
DA:25,0
DA:33,0
DA:35,0
DA:41,0
DA:42,0
DA:43,0
DA:45,0
DA:46,0
DA:55,0
DA:59,0
DA:61,0
DA:69,0
DA:72,0
DA:73,0
DA:74,0
DA:75,0
DA:76,0
DA:78,0
DA:79,0
DA:80,0
DA:81,0
DA:82,0
DA:83,0
DA:85,0
DA:86,0
DA:88,0
DA:89,0
DA:94,0
DA:95,0
DA:96,0
DA:97,0
DA:98,0
DA:99,0
DA:101,0
DA:102,0
LF:40
LH:0
BRDA:41,0,0,0
BRDA:41,0,1,0
BRDA:43,1,0,0
BRDA:43,1,1,0
BRF:4
BRH:0
end_of_record
TN:
SF:src/utils/imageProcessing.ts
FN:6,isHeicFile
FN:11,ensureJpegExtension
FN:22,convertHeicToJpeg
FN:33,compressToJpeg
FN:52,prepareImageForUpload
FNF:5
FNH:5
FNDA:17,isHeicFile
FNDA:23,ensureJpegExtension
FNDA:9,convertHeicToJpeg
FNDA:14,compressToJpeg
FNDA:8,prepareImageForUpload
DA:4,1
DA:7,17
DA:8,17
DA:12,23
DA:13,23
DA:15,23
DA:16,2
DA:19,21
DA:23,9
DA:29,9
DA:30,9
DA:41,14
DA:49,14
DA:61,8
DA:62,8
DA:64,8
DA:65,4
DA:68,8
DA:74,8
LF:19
LH:19
BRDA:8,0,0,17
BRDA:8,0,1,12
BRDA:8,0,2,11
BRDA:12,1,0,23
BRDA:12,1,1,0
BRDA:13,2,0,21
BRDA:13,2,1,2
BRDA:15,3,0,2
BRDA:15,3,1,21
BRDA:15,4,0,23
BRDA:15,4,1,23
BRDA:22,5,0,9
BRDA:42,6,0,14
BRDA:42,6,1,10
BRDA:43,7,0,14
BRDA:43,7,1,10
BRDA:46,8,0,14
BRDA:46,8,1,10
BRDA:64,9,0,4
BRDA:64,9,1,4
BRDA:65,10,0,4
BRDA:65,10,1,2
BRF:22
BRH:21
end_of_record
TN:
SF:src/utils/imageUrl.ts
FN:9,toOriginalSupabaseUrl
FN:19,getProxiedImageUrl
FN:36,processListingImages
FN:39,(anonymous_3)
FN:50,processListingWithImages
FNF:5
FNH:0
FNDA:0,toOriginalSupabaseUrl
FNDA:0,getProxiedImageUrl
FNDA:0,processListingImages
FNDA:0,(anonymous_3)
FNDA:0,processListingWithImages
DA:5,0
DA:7,0
DA:10,0
DA:11,0
DA:20,0
DA:23,0
DA:24,0
DA:28,0
DA:37,0
DA:39,0
DA:51,0
DA:53,0
DA:56,0
DA:57,0
DA:60,0
LF:15
LH:0
BRDA:10,0,0,0
BRDA:10,0,1,0
BRDA:20,1,0,0
BRDA:20,1,1,0
BRDA:23,2,0,0
BRDA:23,2,1,0
BRDA:37,3,0,0
BRDA:37,3,1,0
BRDA:37,4,0,0
BRDA:37,4,1,0
BRDA:51,5,0,0
BRDA:51,5,1,0
BRDA:56,6,0,0
BRDA:56,6,1,0
BRF:14
BRH:0
end_of_record
TN:
SF:src/utils/inputSanitizer.ts
FN:5,(anonymous_0)
FN:16,(anonymous_1)
FN:29,(anonymous_2)
FN:38,(anonymous_3)
FN:49,(anonymous_4)
FN:61,(anonymous_5)
FN:72,(anonymous_6)
FNF:7
FNH:0
FNDA:0,(anonymous_0)
FNDA:0,(anonymous_1)
FNDA:0,(anonymous_2)
FNDA:0,(anonymous_3)
FNDA:0,(anonymous_4)
FNDA:0,(anonymous_5)
FNDA:0,(anonymous_6)
DA:5,0
DA:6,0
DA:9,0
DA:16,0
DA:17,0
DA:20,0
DA:29,0
DA:30,0
DA:32,0
DA:34,0
DA:35,0
DA:38,0
DA:39,0
DA:42,0
DA:43,0
DA:46,0
DA:49,0
DA:50,0
DA:51,0
DA:54,0
DA:55,0
DA:58,0
DA:61,0
DA:62,0
DA:65,0
DA:66,0
DA:69,0
DA:72,0
DA:73,0
DA:76,0
DA:78,0
DA:79,0
DA:80,0
DA:85,0
DA:86,0
DA:90,0
DA:91,0
DA:94,0
LF:38
LH:0
BRDA:6,0,0,0
BRDA:6,0,1,0
BRDA:17,1,0,0
BRDA:17,1,1,0
BRDA:30,2,0,0
BRDA:30,2,1,0
BRDA:32,3,0,0
BRDA:32,3,1,0
BRDA:34,4,0,0
BRDA:34,4,1,0
BRDA:34,5,0,0
BRDA:34,5,1,0
BRDA:42,6,0,0
BRDA:42,6,1,0
BRDA:42,7,0,0
BRDA:42,7,1,0
BRDA:42,7,2,0
BRDA:54,8,0,0
BRDA:54,8,1,0
BRDA:54,9,0,0
BRDA:54,9,1,0
BRDA:54,9,2,0
BRDA:65,10,0,0
BRDA:65,10,1,0
BRDA:65,11,0,0
BRDA:65,11,1,0
BRDA:65,11,2,0
BRDA:79,12,0,0
BRDA:79,12,1,0
BRDA:79,13,0,0
BRDA:79,13,1,0
BRDA:85,14,0,0
BRDA:85,14,1,0
BRDA:85,15,0,0
BRDA:85,15,1,0
BRDA:90,16,0,0
BRDA:90,16,1,0
BRDA:90,17,0,0
BRDA:90,17,1,0
BRF:39
BRH:0
end_of_record
TN:
SF:src/utils/share.ts
FN:19,(anonymous_0)
FNF:1
FNH:0
FNDA:0,(anonymous_0)
DA:19,0
DA:20,0
DA:22,0
DA:25,0
DA:26,0
DA:35,0
DA:37,0
DA:44,0
DA:46,0
DA:52,0
DA:53,0
DA:56,0
DA:58,0
DA:62,0
DA:64,0
DA:66,0
DA:72,0
DA:75,0
DA:76,0
DA:80,0
DA:81,0
DA:82,0
DA:84,0
DA:89,0
DA:91,0
DA:100,0
LF:26
LH:0
BRDA:25,0,0,0
BRDA:25,0,1,0
BRDA:30,1,0,0
BRDA:30,1,1,0
BRDA:44,2,0,0
BRDA:44,2,1,0
BRDA:44,3,0,0
BRDA:44,3,1,0
BRDA:52,4,0,0
BRDA:52,4,1,0
BRDA:52,5,0,0
BRDA:52,5,1,0
BRDA:62,6,0,0
BRDA:62,6,1,0
BRDA:75,7,0,0
BRDA:75,7,1,0
BRDA:75,8,0,0
BRDA:75,8,1,0
BRDA:80,9,0,0
BRDA:80,9,1,0
BRF:20
BRH:0
end_of_record
TN:
SF:src/utils/urlConfig.ts
FN:17,(anonymous_0)
FN:42,(anonymous_1)
FN:50,(anonymous_2)
FN:58,(anonymous_3)
FN:66,(anonymous_4)
FN:74,(anonymous_5)
FN:82,(anonymous_6)
FNF:7
FNH:0
FNDA:0,(anonymous_0)
FNDA:0,(anonymous_1)
FNDA:0,(anonymous_2)
FNDA:0,(anonymous_3)
FNDA:0,(anonymous_4)
FNDA:0,(anonymous_5)
FNDA:0,(anonymous_6)
DA:17,0
DA:18,0
DA:19,0
DA:20,0
DA:23,0
DA:26,0
DA:28,0
DA:30,0
DA:42,0
DA:43,0
DA:44,0
DA:50,0
DA:51,0
DA:52,0
DA:58,0
DA:59,0
DA:60,0
DA:66,0
DA:67,0
DA:68,0
DA:74,0
DA:75,0
DA:76,0
DA:82,0
DA:83,0
DA:85,0
LF:26
LH:0
BRDA:19,0,0,0
BRDA:19,0,1,0
BRDA:19,0,2,0
BRDA:28,1,0,0
BRDA:28,1,1,0
BRDA:86,2,0,0
BRDA:86,2,1,0
BRF:7
BRH:0
end_of_record
TN:
SF:src/utils/uuid.ts
FN:5,(anonymous_0)
FN:10,(anonymous_1)
FN:27,(anonymous_2)
FNF:3
FNH:0
FNDA:0,(anonymous_0)
FNDA:0,(anonymous_1)
FNDA:0,(anonymous_2)
DA:5,0
DA:6,0
DA:7,0
DA:10,0
DA:11,0
DA:13,0
DA:14,0
DA:15,0
DA:16,0
DA:17,0
DA:21,0
DA:27,0
DA:28,0
DA:30,0
DA:31,0
DA:32,0
DA:34,0
DA:37,0
LF:18
LH:0
BRDA:14,0,0,0
BRDA:14,0,1,0
BRDA:16,1,0,0
BRDA:16,1,1,0
BRDA:30,2,0,0
BRDA:30,2,1,0
BRF:6
BRH:0
end_of_record
